<?xml version="1.0" encoding="utf-8"?>
<TestRun id="64ab232c-f8ff-4d15-aaf5-578959631533" name="13777@TAOSANGXIAOXIN 2026-07-14 22:59:19" runUser="TAOSANGXIAOXIN\13777" xmlns="http://microsoft.com/schemas/VisualStudio/TeamTest/2010">
  <Times creation="2026-07-14T22:59:19.1044993+08:00" queuing="2026-07-14T22:59:19.1044995+08:00" start="2026-07-14T22:59:18.3706174+08:00" finish="2026-07-14T23:00:02.5321197+08:00" />
  <TestSettings name="default" id="055022a8-3c70-440b-aeef-e9d247e34f98">
    <Deployment runDeploymentRoot="13777_TAOSANGXIAOXIN_2026-07-14_22_59_19" />
  </TestSettings>
  <Results>
    <UnitTestResult executionId="951f88b7-d4b1-4596-b7d8-910044de9568" testId="1aaf168c-1173-ea14-29de-75d0980c5870" testName="PeakCan.Host.Core.Tests.Uds.UdsClientKeyAlgorithmCtorTests.NewCtor_With_KeyAlgorithm_DoesNotThrow" computerName="TAOSANGXIAOXIN" duration="00:00:00.0139199" startTime="2026-07-14T22:59:19.0371309+08:00" endTime="2026-07-14T22:59:19.0472888+08:00" testType="13cdc9d9-ddb5-4fa4-a97d-d965ccfc6d4b" outcome="Passed" testListId="8c84fa94-04c1-424b-9868-57a2d4851a1d" relativeResultsDirectory="951f88b7-d4b1-4596-b7d8-910044de9568" />
    <UnitTestResult executionId="08a46ab2-1093-4842-bf78-3dec3662a230" testId="2beccc0d-2be3-0420-294f-523513b080ce" testName="PeakCan.Host.Core.Tests.Replay.ReplayTimelineTests.OnTick_SinkThrows_AbortsPlaybackAndRaisesPlaybackEndedWithError" computerName="TAOSANGXIAOXIN" duration="00:00:00.3099813" startTime="2026-07-14T22:59:19.0986251+08:00" endTime="2026-07-14T22:59:19.3462465+08:00" testType="13cdc9d9-ddb5-4fa4-a97d-d965ccfc6d4b" outcome="Passed" testListId="8c84fa94-04c1-424b-9868-57a2d4851a1d" relativeResultsDirectory="08a46ab2-1093-4842-bf78-3dec3662a230" />
    <UnitTestResult executionId="1bb33520-ecd2-4ab1-8236-a8f5d8314f67" testId="c395a5b9-75e2-43b9-e0fd-99693455257c" testName="PeakCan.Host.Core.Tests.Uds.PlaceholderKeyAlgorithmTests.Implements_IKeyDerivationAlgorithm" computerName="TAOSANGXIAOXIN" duration="00:00:00.0005056" startTime="2026-07-14T22:59:19.1240755+08:00" endTime="2026-07-14T22:59:19.1248917+08:00" testType="13cdc9d9-ddb5-4fa4-a97d-d965ccfc6d4b" outcome="Passed" testListId="8c84fa94-04c1-424b-9868-57a2d4851a1d" relativeResultsDirectory="1bb33520-ecd2-4ab1-8236-a8f5d8314f67" />
    <UnitTestResult executionId="8f43088d-a918-4ec2-bee2-1272a9eb23b7" testId="adb2905e-6a0a-f562-5696-682ecaa58da6" testName="PeakCan.Host.Core.Tests.Uds.IsoTpLayerTests.HandleConsecutiveFrame_Timeout_After_NCr_Resets_Reassembly" computerName="TAOSANGXIAOXIN" duration="00:00:00.2616941" startTime="2026-07-14T22:59:19.2466794+08:00" endTime="2026-07-14T22:59:19.4642571+08:00" testType="13cdc9d9-ddb5-4fa4-a97d-d965ccfc6d4b" outcome="Passed" testListId="8c84fa94-04c1-424b-9868-57a2d4851a1d" relativeResultsDirectory="8f43088d-a918-4ec2-bee2-1272a9eb23b7" />
    <UnitTestResult executionId="660e738d-c218-48a0-8e76-3632550790eb" testId="46196626-e7f9-d137-eafa-70140c7dedd5" testName="PeakCan.Host.Core.Tests.CanIdTests.Extended_Boundaries_Are_Valid(raw: 0)" computerName="TAOSANGXIAOXIN" duration="00:00:00.0007465" startTime="2026-07-14T22:59:19.1576067+08:00" endTime="2026-07-14T22:59:19.1585524+08:00" testType="13cdc9d9-ddb5-4fa4-a97d-d965ccfc6d4b" outcome="Passed" testListId="8c84fa94-04c1-424b-9868-57a2d4851a1d" relativeResultsDirectory="660e738d-c218-48a0-8e76-3632550790eb" />
    <UnitTestResult executionId="0b2153df-e4c7-4efb-b212-1cbebd533a07" testId="1d211164-dd65-7d26-0fad-e952ec566392" testName="PeakCan.Host.Core.Tests.Uds.Database.RoutineDatabaseTests.DefaultCtor_NoUserFile_Returns_Empty" computerName="TAOSANGXIAOXIN" duration="00:00:00.0142439" startTime="2026-07-14T22:59:19.1421384+08:00" endTime="2026-07-14T22:59:19.1527925+08:00" testType="13cdc9d9-ddb5-4fa4-a97d-d965ccfc6d4b" outcome="Passed" testListId="8c84fa94-04c1-424b-9868-57a2d4851a1d" relativeResultsDirectory="0b2153df-e4c7-4efb-b212-1cbebd533a07" />
    <UnitTestResult executionId="fc66ae6b-178c-422c-8520-c1737ce068e9" testId="280a3aef-dfbd-5202-d25b-44c7181a9c91" testName="PeakCan.Host.Core.Tests.Dbc.DbcEncodeServiceTests.Encode_SignedSignal_NegativeValue" computerName="TAOSANGXIAOXIN" duration="00:00:00.0003748" startTime="2026-07-14T22:59:19.1526143+08:00" endTime="2026-07-14T22:59:19.1526501+08:00" testType="13cdc9d9-ddb5-4fa4-a97d-d965ccfc6d4b" outcome="Passed" testListId="8c84fa94-04c1-424b-9868-57a2d4851a1d" relativeResultsDirectory="fc66ae6b-178c-422c-8520-c1737ce068e9" />
    <UnitTestResult executionId="e98899a8-6ddc-4406-ae7b-500039377478" testId="76e48202-fe06-7844-d6ff-15189a66e3f7" testName="PeakCan.Host.Core.Tests.Uds.Database.DidDatabaseTests.DidDatabase_With_Custom_AllowedRoots_Rejects_Path_Outside_List" computerName="TAOSANGXIAOXIN" duration="00:00:00.0049822" startTime="2026-07-14T22:59:19.2068518+08:00" endTime="2026-07-14T22:59:19.2073324+08:00" testType="13cdc9d9-ddb5-4fa4-a97d-d965ccfc6d4b" outcome="Passed" testListId="8c84fa94-04c1-424b-9868-57a2d4851a1d" relativeResultsDirectory="e98899a8-6ddc-4406-ae7b-500039377478" />
    <UnitTestResult executionId="795e3098-8df2-4aa7-892b-b84ec089c545" testId="f918f966-043b-a7c8-445a-65354622472b" testName="PeakCan.Host.Core.Tests.Uds.IsoTpLayerTests.SendMultiFrameAsync_FirstFrame_Failure_Aborts_CF_Burst" computerName="TAOSANGXIAOXIN" duration="00:00:00.0056724" startTime="2026-07-14T22:59:19.8313522+08:00" endTime="2026-07-14T22:59:19.8368973+08:00" testType="13cdc9d9-ddb5-4fa4-a97d-d965ccfc6d4b" outcome="Passed" testListId="8c84fa94-04c1-424b-9868-57a2d4851a1d" relativeResultsDirectory="795e3098-8df2-4aa7-892b-b84ec089c545" />
    <UnitTestResult executionId="4a9e1b75-e000-4472-99e3-ec3f5771e044" testId="cfa9a13f-5b94-7e9b-e5c6-b582b4885b07" testName="PeakCan.Host.Core.Tests.SignalDecoderTests.Length_Above_64_Throws" computerName="TAOSANGXIAOXIN" duration="00:00:00.0077984" startTime="2026-07-14T22:59:19.1022680+08:00" endTime="2026-07-14T22:59:19.1084730+08:00" testType="13cdc9d9-ddb5-4fa4-a97d-d965ccfc6d4b" outcome="Passed" testListId="8c84fa94-04c1-424b-9868-57a2d4851a1d" relativeResultsDirectory="4a9e1b75-e000-4472-99e3-ec3f5771e044" />
    <UnitTestResult executionId="ce5a05b4-079e-44af-9b71-882f07d14187" testId="6f0d3417-52dc-cec4-70cc-fc91c341ae2c" testName="PeakCan.Host.Core.Tests.Uds.Odx.OdxImportResultTests.Failed_WithErrorCode_ProducesFailureResult" computerName="TAOSANGXIAOXIN" duration="00:00:00.0040799" startTime="2026-07-14T22:59:19.1565749+08:00" endTime="2026-07-14T22:59:19.1620771+08:00" testType="13cdc9d9-ddb5-4fa4-a97d-d965ccfc6d4b" outcome="Passed" testListId="8c84fa94-04c1-424b-9868-57a2d4851a1d" relativeResultsDirectory="ce5a05b4-079e-44af-9b71-882f07d14187" />
    <UnitTestResult executionId="99ed94cd-fc8e-4698-a887-3fd147513353" testId="85148770-0e96-22fa-5ad7-3b9a793df1f4" testName="PeakCan.Host.Core.Tests.ChannelIdTests.ToString_Formats_Ch_Prefix" computerName="TAOSANGXIAOXIN" duration="00:00:00.0250559" startTime="2026-07-14T22:59:19.0372922+08:00" endTime="2026-07-14T22:59:19.0832390+08:00" testType="13cdc9d9-ddb5-4fa4-a97d-d965ccfc6d4b" outcome="Passed" testListId="8c84fa94-04c1-424b-9868-57a2d4851a1d" relativeResultsDirectory="99ed94cd-fc8e-4698-a887-3fd147513353" />
    <UnitTestResult executionId="4dca7a34-f9c3-401e-893d-57a650ac030f" testId="9d2d6c79-ea6d-5c35-225f-e613ca407431" testName="PeakCan.Host.Core.Tests.Uds.Database.DidDefinitionTests.Record_Equality_Is_Value_Based" computerName="TAOSANGXIAOXIN" duration="00:00:00.0019549" startTime="2026-07-14T22:59:19.1084232+08:00" endTime="2026-07-14T22:59:19.1108062+08:00" testType="13cdc9d9-ddb5-4fa4-a97d-d965ccfc6d4b" outcome="Passed" testListId="8c84fa94-04c1-424b-9868-57a2d4851a1d" relativeResultsDirectory="4dca7a34-f9c3-401e-893d-57a650ac030f" />
    <UnitTestResult executionId="967e46f9-8b74-426a-8715-6a36cd5a59b8" testId="756de261-0a43-271d-5768-83fabd41fc42" testName="PeakCan.Host.Core.Tests.DbcTokenizerTests.String_Literal_With_Spaces_And_Special_Chars" computerName="TAOSANGXIAOXIN" duration="00:00:00.0003515" startTime="2026-07-14T22:59:19.2059038+08:00" endTime="2026-07-14T22:59:19.2059687+08:00" testType="13cdc9d9-ddb5-4fa4-a97d-d965ccfc6d4b" outcome="Passed" testListId="8c84fa94-04c1-424b-9868-57a2d4851a1d" relativeResultsDirectory="967e46f9-8b74-426a-8715-6a36cd5a59b8" />
    <UnitTestResult executionId="2a4f5917-8d34-4095-9223-19f378686a78" testId="c2c26ccc-ab8c-3b84-95ab-f5cb0dc6bcb6" testName="PeakCan.Host.Core.Tests.DbcTokenizerTests.Recognizes_All_Keyword_Variants(input: &quot;BA_ \&quot;AttrName\&quot; BU_ 5;&quot;, expectedType: Keyword_BA_, expectedLexeme: &quot;BA_&quot;)" computerName="TAOSANGXIAOXIN" duration="00:00:00.0000090" startTime="2026-07-14T22:59:19.1423562+08:00" endTime="2026-07-14T22:59:19.1425417+08:00" testType="13cdc9d9-ddb5-4fa4-a97d-d965ccfc6d4b" outcome="Passed" testListId="8c84fa94-04c1-424b-9868-57a2d4851a1d" relativeResultsDirectory="2a4f5917-8d34-4095-9223-19f378686a78" />
    <UnitTestResult executionId="64b23b92-7ee2-4647-87b9-d278970b422d" testId="2ffa7ab9-c2a9-671e-77b1-43992e76f726" testName="PeakCan.Host.Core.Tests.Replay.ReplayTimelineTests.OnTick_RangeFilter_SeekOutsideRange_EmitsNothingOnPlay" computerName="TAOSANGXIAOXIN" duration="00:00:02.5024141" startTime="2026-07-14T22:59:47.4745634+08:00" endTime="2026-07-14T22:59:49.9769604+08:00" testType="13cdc9d9-ddb5-4fa4-a97d-d965ccfc6d4b" outcome="Passed" testListId="8c84fa94-04c1-424b-9868-57a2d4851a1d" relativeResultsDirectory="64b23b92-7ee2-4647-87b9-d278970b422d" />
    <UnitTestResult executionId="22108936-ac47-4ad2-b260-0bc865a47597" testId="39be171d-d4b3-8841-6837-c74d8c1fb588" testName="PeakCan.Host.Core.Tests.CanIdTests.Type_Can_Be_Overridden_Via_With" computerName="TAOSANGXIAOXIN" duration="00:00:00.0014037" startTime="2026-07-14T22:59:19.1650986+08:00" endTime="2026-07-14T22:59:19.1677624+08:00" testType="13cdc9d9-ddb5-4fa4-a97d-d965ccfc6d4b" outcome="Passed" testListId="8c84fa94-04c1-424b-9868-57a2d4851a1d" relativeResultsDirectory="22108936-ac47-4ad2-b260-0bc865a47597" />
    <UnitTestResult executionId="d57cdb8f-6573-4c30-bfe6-6ad5f3cfa547" testId="30faa5d9-a8cd-bef8-6e92-429b388c94a3" testName="PeakCan.Host.Core.Tests.DbcParserTests.Fails_On_Signal_With_Non_Numeric_Factor" computerName="TAOSANGXIAOXIN" duration="00:00:00.0001961" startTime="2026-07-14T22:59:19.2203683+08:00" endTime="2026-07-14T22:59:19.2204094+08:00" testType="13cdc9d9-ddb5-4fa4-a97d-d965ccfc6d4b" outcome="Passed" testListId="8c84fa94-04c1-424b-9868-57a2d4851a1d" relativeResultsDirectory="d57cdb8f-6573-4c30-bfe6-6ad5f3cfa547" />
    <UnitTestResult executionId="38973800-3471-4f7e-976a-88ce947903e6" testId="afc16a18-aa2e-7ec2-cdec-e7ae72211423" testName="PeakCan.Host.Core.Tests.DbcTokenizerTests.Throws_On_Zero_MaxLine" computerName="TAOSANGXIAOXIN" duration="00:00:00.0017903" startTime="2026-07-14T22:59:19.1672327+08:00" endTime="2026-07-14T22:59:19.1686128+08:00" testType="13cdc9d9-ddb5-4fa4-a97d-d965ccfc6d4b" outcome="Passed" testListId="8c84fa94-04c1-424b-9868-57a2d4851a1d" relativeResultsDirectory="38973800-3471-4f7e-976a-88ce947903e6" />
    <UnitTestResult executionId="3e263fbc-83f9-4913-b8d3-24c0b6bf8d51" testId="fc8f8e55-812d-ec42-dee6-bb90dddf6448" testName="PeakCan.Host.Core.Tests.SignalDecoderTests.LittleEndian_Signed_8Bit_Negative" computerName="TAOSANGXIAOXIN" duration="00:00:00.0233086" startTime="2026-07-14T22:59:19.0371765+08:00" endTime="2026-07-14T22:59:19.0733077+08:00" testType="13cdc9d9-ddb5-4fa4-a97d-d965ccfc6d4b" outcome="Passed" testListId="8c84fa94-04c1-424b-9868-57a2d4851a1d" relativeResultsDirectory="3e263fbc-83f9-4913-b8d3-24c0b6bf8d51" />
    <UnitTestResult executionId="a4c58021-dd1d-4e5e-bd54-ce46ae672212" testId="357b2601-52cc-6fca-d1a4-d9610b8d073c" testName="PeakCan.Host.Core.Tests.Replay.ReplayTimelineTests.Seek_JumpsToTimestamp" computerName="TAOSANGXIAOXIN" duration="00:00:00.7003683" startTime="2026-07-14T22:59:49.9777912+08:00" endTime="2026-07-14T22:59:50.6779728+08:00" testType="13cdc9d9-ddb5-4fa4-a97d-d965ccfc6d4b" outcome="Passed" testListId="8c84fa94-04c1-424b-9868-57a2d4851a1d" relativeResultsDirectory="a4c58021-dd1d-4e5e-bd54-ce46ae672212" />
    <UnitTestResult executionId="322ab8a2-34a0-415d-9aa3-4512966dc287" testId="439f0bbf-464f-474e-faa5-bac175346f08" testName="PeakCan.Host.Core.Tests.Uds.IsoTpLayerTests.MessageReceived_Next_Frame_After_Handler_Throw_Works" computerName="TAOSANGXIAOXIN" duration="00:00:00.0017520" startTime="2026-07-14T22:59:19.2331905+08:00" endTime="2026-07-14T22:59:19.2348522+08:00" testType="13cdc9d9-ddb5-4fa4-a97d-d965ccfc6d4b" outcome="Passed" testListId="8c84fa94-04c1-424b-9868-57a2d4851a1d" relativeResultsDirectory="322ab8a2-34a0-415d-9aa3-4512966dc287" />
    <UnitTestResult executionId="07d851ea-bc30-4de0-9bdc-1d3743cbceb5" testId="09a32420-2819-9bad-82ae-bb3f4c266709" testName="PeakCan.Host.Core.Tests.Uds.Database.DtcDatabaseTests.AddRange_NewCodes_PopulatesAll" computerName="TAOSANGXIAOXIN" duration="00:00:00.0035240" startTime="2026-07-14T22:59:19.1392494+08:00" endTime="2026-07-14T22:59:19.1502372+08:00" testType="13cdc9d9-ddb5-4fa4-a97d-d965ccfc6d4b" outcome="Passed" testListId="8c84fa94-04c1-424b-9868-57a2d4851a1d" relativeResultsDirectory="07d851ea-bc30-4de0-9bdc-1d3743cbceb5" />
    <UnitTestResult executionId="5494eac8-ab8f-4c4f-8eab-804e5b7aab90" testId="530a0be2-69bd-848f-48eb-ea988335383f" testName="PeakCan.Host.Core.Tests.Replay.ReplayTimelineTests.EmitFrame_CanIdFilterSet_OnlyMatchingIds" computerName="TAOSANGXIAOXIN" duration="00:00:00.7148354" startTime="2026-07-14T22:59:56.7455262+08:00" endTime="2026-07-14T22:59:57.4606473+08:00" testType="13cdc9d9-ddb5-4fa4-a97d-d965ccfc6d4b" outcome="Passed" testListId="8c84fa94-04c1-424b-9868-57a2d4851a1d" relativeResultsDirectory="5494eac8-ab8f-4c4f-8eab-804e5b7aab90" />
    <UnitTestResult executionId="f92aa478-cf61-4f77-b219-4090af9c8dd3" testId="39f92aab-4a07-7b7f-babb-5c119f9e3c2b" testName="PeakCan.Host.Core.Tests.Uds.UdsClientVolatileTests.Ctor_Without_SessionLogger_Leaves_UdsSession_Logger_Null" computerName="TAOSANGXIAOXIN" duration="00:00:00.0001771" startTime="2026-07-14T22:59:19.3489063+08:00" endTime="2026-07-14T22:59:19.3489519+08:00" testType="13cdc9d9-ddb5-4fa4-a97d-d965ccfc6d4b" outcome="Passed" testListId="8c84fa94-04c1-424b-9868-57a2d4851a1d" relativeResultsDirectory="f92aa478-cf61-4f77-b219-4090af9c8dd3" />
    <UnitTestResult executionId="53a3b0a9-74cb-4b7a-af46-0cf1d24c8829" testId="009bc828-8ffb-1d6b-a60f-89bc8ec1558c" testName="PeakCan.Host.Core.Tests.Dbc.DbcEncodeServiceTests.Encode_ScaleAndOffset_InverseTransform" computerName="TAOSANGXIAOXIN" duration="00:00:00.0105279" startTime="2026-07-14T22:59:19.1072302+08:00" endTime="2026-07-14T22:59:19.1208800+08:00" testType="13cdc9d9-ddb5-4fa4-a97d-d965ccfc6d4b" outcome="Passed" testListId="8c84fa94-04c1-424b-9868-57a2d4851a1d" relativeResultsDirectory="53a3b0a9-74cb-4b7a-af46-0cf1d24c8829" />
    <UnitTestResult executionId="68f70695-9e6a-4119-be4e-6991ed755709" testId="3226695a-e838-38d8-d15b-77667a484d46" testName="PeakCan.Host.Core.Tests.E51PtBmsSpecificValuesTests.SignalDecoder_64bit_Unsigned_Handles_Full_Range(rawDouble: 255, expected: 255)" computerName="TAOSANGXIAOXIN" duration="00:00:00.0000109" startTime="2026-07-14T22:59:19.1131670+08:00" endTime="2026-07-14T22:59:19.1132350+08:00" testType="13cdc9d9-ddb5-4fa4-a97d-d965ccfc6d4b" outcome="Passed" testListId="8c84fa94-04c1-424b-9868-57a2d4851a1d" relativeResultsDirectory="68f70695-9e6a-4119-be4e-6991ed755709" />
    <UnitTestResult executionId="61b5041e-8f98-4106-8f0f-d9c5521312ce" testId="fd979ff1-d40c-75d2-ed36-a965d9a713a0" testName="PeakCan.Host.Core.Tests.Replay.AscParserTests.Parse_MalformedLines_LogsAndSkips" computerName="TAOSANGXIAOXIN" duration="00:00:00.0006960" startTime="2026-07-14T22:59:19.2776844+08:00" endTime="2026-07-14T22:59:19.2777274+08:00" testType="13cdc9d9-ddb5-4fa4-a97d-d965ccfc6d4b" outcome="Passed" testListId="8c84fa94-04c1-424b-9868-57a2d4851a1d" relativeResultsDirectory="61b5041e-8f98-4106-8f0f-d9c5521312ce" />
    <UnitTestResult executionId="71d49e8e-99f0-4053-af16-f70ac6717a90" testId="53d7aa59-7501-7991-cfaa-d40252fe65fb" testName="PeakCan.Host.Core.Tests.DbcParserTests.Ns_Block_With_Val_And_ValTable_Declarations_Does_Not_Early_Exit" computerName="TAOSANGXIAOXIN" duration="00:00:00.0004635" startTime="2026-07-14T22:59:19.2451664+08:00" endTime="2026-07-14T22:59:19.2452066+08:00" testType="13cdc9d9-ddb5-4fa4-a97d-d965ccfc6d4b" outcome="Passed" testListId="8c84fa94-04c1-424b-9868-57a2d4851a1d" relativeResultsDirectory="71d49e8e-99f0-4053-af16-f70ac6717a90" />
    <UnitTestResult executionId="1521bdcd-6f23-4f50-b76c-2c67e8fb0874" testId="38bf049b-5722-fda5-7802-054e343e6edf" testName="PeakCan.Host.Core.Tests.DbcTokenizerTests.Recognizes_Scientific_Notation_With_Signed_Exponent(input: &quot;1.0e+3&quot;, expectedLexeme: &quot;1.0e+3&quot;)" computerName="TAOSANGXIAOXIN" duration="00:00:00.0002950" startTime="2026-07-14T22:59:19.1482767+08:00" endTime="2026-07-14T22:59:19.1486787+08:00" testType="13cdc9d9-ddb5-4fa4-a97d-d965ccfc6d4b" outcome="Passed" testListId="8c84fa94-04c1-424b-9868-57a2d4851a1d" relativeResultsDirectory="1521bdcd-6f23-4f50-b76c-2c67e8fb0874" />
    <UnitTestResult executionId="22ea2e60-58bf-4bf7-a533-90744a775d3f" testId="034b7a93-d0f2-d428-1431-3e0e45e7e7ff" testName="PeakCan.Host.Core.Tests.Replay.AscParserTests.Parse_CanoeTrailingMetadata_LengthBitCountId_NotMalformed" computerName="TAOSANGXIAOXIN" duration="00:00:00.0006864" startTime="2026-07-14T22:59:19.2778152+08:00" endTime="2026-07-14T22:59:19.2778449+08:00" testType="13cdc9d9-ddb5-4fa4-a97d-d965ccfc6d4b" outcome="Passed" testListId="8c84fa94-04c1-424b-9868-57a2d4851a1d" relativeResultsDirectory="22ea2e60-58bf-4bf7-a533-90744a775d3f" />
    <UnitTestResult executionId="d08f1328-d20a-4d7c-a61e-e227bde1beea" testId="4b420247-6663-903a-09ee-68613335a43b" testName="PeakCan.Host.Core.Tests.DbcTokenizerTests.Throws_On_Max_Line_Exceeded" computerName="TAOSANGXIAOXIN" duration="00:00:00.0017646" startTime="2026-07-14T22:59:19.1956771+08:00" endTime="2026-07-14T22:59:19.1989823+08:00" testType="13cdc9d9-ddb5-4fa4-a97d-d965ccfc6d4b" outcome="Passed" testListId="8c84fa94-04c1-424b-9868-57a2d4851a1d" relativeResultsDirectory="d08f1328-d20a-4d7c-a61e-e227bde1beea" />
    <UnitTestResult executionId="c21e6452-0476-476b-9435-1d98bcf1739c" testId="f7acb02b-f734-1cf0-6145-da391dfbb74d" testName="PeakCan.Host.Core.Tests.ICanChannelTests.FromFdDescriptor_round_trips_descriptor_and_name" computerName="TAOSANGXIAOXIN" duration="00:00:00.0019272" startTime="2026-07-14T22:59:19.1010816+08:00" endTime="2026-07-14T22:59:19.1030198+08:00" testType="13cdc9d9-ddb5-4fa4-a97d-d965ccfc6d4b" outcome="Passed" testListId="8c84fa94-04c1-424b-9868-57a2d4851a1d" relativeResultsDirectory="c21e6452-0476-476b-9435-1d98bcf1739c" />
    <UnitTestResult executionId="268e2fe7-5953-48aa-9af1-514e28d3d96d" testId="054f9a45-d8bb-1e32-0290-931d5ee7289e" testName="PeakCan.Host.Core.Tests.Uds.UdsClientConcurrentSecurityAccessTests.TwoArg_Overload_TwoConcurrentCalls_ProduceExactlyFourWireFrames" computerName="TAOSANGXIAOXIN" duration="00:00:00.0115759" startTime="2026-07-14T22:59:19.1880007+08:00" endTime="2026-07-14T22:59:19.1903616+08:00" testType="13cdc9d9-ddb5-4fa4-a97d-d965ccfc6d4b" outcome="Passed" testListId="8c84fa94-04c1-424b-9868-57a2d4851a1d" relativeResultsDirectory="268e2fe7-5953-48aa-9af1-514e28d3d96d" />
    <UnitTestResult executionId="d1f4ba37-01b9-429c-a953-51acedd8a0d9" testId="b27b15f4-89d2-3d86-c2f3-8f2f6f66f731" testName="PeakCan.Host.Core.Tests.Replay.ReplayTimelineTests.OnTick_StartTimestampSet_SkipsFramesBeforeStart" computerName="TAOSANGXIAOXIN" duration="00:00:05.0132031" startTime="2026-07-14T22:59:57.4609018+08:00" endTime="2026-07-14T23:00:02.4742406+08:00" testType="13cdc9d9-ddb5-4fa4-a97d-d965ccfc6d4b" outcome="Passed" testListId="8c84fa94-04c1-424b-9868-57a2d4851a1d" relativeResultsDirectory="d1f4ba37-01b9-429c-a953-51acedd8a0d9" />
    <UnitTestResult executionId="d125d77b-bdc9-4a8a-b5d1-f86e23d2349b" testId="9a520daf-9164-84d0-9230-9018c6067d5f" testName="PeakCan.Host.Core.Tests.Path.PathNormalizerTests.NormalizeRestricted_MultipleAllowedRoots_FirstMatchWins" computerName="TAOSANGXIAOXIN" duration="00:00:00.0002574" startTime="2026-07-14T22:59:19.2070702+08:00" endTime="2026-07-14T22:59:19.2071078+08:00" testType="13cdc9d9-ddb5-4fa4-a97d-d965ccfc6d4b" outcome="Passed" testListId="8c84fa94-04c1-424b-9868-57a2d4851a1d" relativeResultsDirectory="d125d77b-bdc9-4a8a-b5d1-f86e23d2349b" />
    <UnitTestResult executionId="7e5d2417-67d0-43c5-8682-53cc651f8169" testId="285fb8db-2c5a-ffb8-128c-540e026c6f77" testName="PeakCan.Host.Core.Tests.Replay.ReplayTimelineTests.Play_EmitsFramesAtCorrectTimestamps" computerName="TAOSANGXIAOXIN" duration="00:00:00.8161726" startTime="2026-07-14T22:59:54.9104677+08:00" endTime="2026-07-14T22:59:55.7269105+08:00" testType="13cdc9d9-ddb5-4fa4-a97d-d965ccfc6d4b" outcome="Passed" testListId="8c84fa94-04c1-424b-9868-57a2d4851a1d" relativeResultsDirectory="7e5d2417-67d0-43c5-8682-53cc651f8169" />
    <UnitTestResult executionId="bafd90eb-fa17-4dee-b943-db2d98d9ee19" testId="89169612-16d6-9d33-7e6e-da08fb12db74" testName="PeakCan.Host.Core.Tests.DbcParserTests.Empty_Input_Yields_Empty_Document" computerName="TAOSANGXIAOXIN" duration="00:00:00.0029560" startTime="2026-07-14T22:59:19.2313034+08:00" endTime="2026-07-14T22:59:19.2317915+08:00" testType="13cdc9d9-ddb5-4fa4-a97d-d965ccfc6d4b" outcome="Passed" testListId="8c84fa94-04c1-424b-9868-57a2d4851a1d" relativeResultsDirectory="bafd90eb-fa17-4dee-b943-db2d98d9ee19" />
    <UnitTestResult executionId="c8f536a8-7ecf-4452-b73a-9e3d4f0023a4" testId="4d0575e7-ef05-8e88-4c83-4a5fdcb050f5" testName="PeakCan.Host.Core.Tests.Services.AscLocatorTests.LocateAsync_NoMatchingFile_ReturnsNull" computerName="TAOSANGXIAOXIN" duration="00:00:00.0345266" startTime="2026-07-14T22:59:19.1573326+08:00" endTime="2026-07-14T22:59:19.1992403+08:00" testType="13cdc9d9-ddb5-4fa4-a97d-d965ccfc6d4b" outcome="Passed" testListId="8c84fa94-04c1-424b-9868-57a2d4851a1d" relativeResultsDirectory="c8f536a8-7ecf-4452-b73a-9e3d4f0023a4" />
    <UnitTestResult executionId="e86913b3-9ca3-4064-9eda-62b1e46eea7f" testId="f4b5115e-a574-c4af-0bcf-657cc4a84300" testName="PeakCan.Host.Core.Tests.DbcParserTests.Fails_On_Version_Without_String" computerName="TAOSANGXIAOXIN" duration="00:00:00.0001394" startTime="2026-07-14T22:59:19.2328277+08:00" endTime="2026-07-14T22:59:19.2328753+08:00" testType="13cdc9d9-ddb5-4fa4-a97d-d965ccfc6d4b" outcome="Passed" testListId="8c84fa94-04c1-424b-9868-57a2d4851a1d" relativeResultsDirectory="e86913b3-9ca3-4064-9eda-62b1e46eea7f" />
    <UnitTestResult executionId="3849b467-766d-4ea8-b31f-95f85a444331" testId="e9fd64bb-79d1-4ce0-54ba-1278084a726e" testName="PeakCan.Host.Core.Tests.Uds.Odx.OdxImportResultTests.Ok_WithNullWarnings_DefaultsToEmpty" computerName="TAOSANGXIAOXIN" duration="00:00:00.0001432" startTime="2026-07-14T22:59:19.2049752+08:00" endTime="2026-07-14T22:59:19.2049994+08:00" testType="13cdc9d9-ddb5-4fa4-a97d-d965ccfc6d4b" outcome="Passed" testListId="8c84fa94-04c1-424b-9868-57a2d4851a1d" relativeResultsDirectory="3849b467-766d-4ea8-b31f-95f85a444331" />
    <UnitTestResult executionId="47627918-88f2-4743-ba58-53f5209530d7" testId="623135d2-d5cf-bb74-f6c5-86c6436a7a30" testName="PeakCan.Host.Core.Tests.Replay.ReplayTimelineTests.EmitFrame_CanIdFilterSet_EmptySet_PassesNone" computerName="TAOSANGXIAOXIN" duration="00:00:00.5127036" startTime="2026-07-14T22:59:40.7125056+08:00" endTime="2026-07-14T22:59:41.2255771+08:00" testType="13cdc9d9-ddb5-4fa4-a97d-d965ccfc6d4b" outcome="Passed" testListId="8c84fa94-04c1-424b-9868-57a2d4851a1d" relativeResultsDirectory="47627918-88f2-4743-ba58-53f5209530d7" />
    <UnitTestResult executionId="5badb7a2-ac64-483a-894a-e6fe5fcd7ec6" testId="0b65fdc5-e418-de8f-734c-091be81f0ac0" testName="PeakCan.Host.Core.Tests.Uds.UdsClientSecurityAccessOverloadTests.LegacyCtor_Leaves_KeyAlgorithm_Field_Null" computerName="TAOSANGXIAOXIN" duration="00:00:00.0009267" startTime="2026-07-14T22:59:19.1155662+08:00" endTime="2026-07-14T22:59:19.1174394+08:00" testType="13cdc9d9-ddb5-4fa4-a97d-d965ccfc6d4b" outcome="Passed" testListId="8c84fa94-04c1-424b-9868-57a2d4851a1d" relativeResultsDirectory="5badb7a2-ac64-483a-894a-e6fe5fcd7ec6" />
    <UnitTestResult executionId="f07c67f4-9432-43d3-8555-5157d2767a14" testId="0d449b36-38ba-ef30-beea-f1dcb4d69bba" testName="PeakCan.Host.Core.Tests.CanIdTests.Extended_Rejects_Over_29Bit" computerName="TAOSANGXIAOXIN" duration="00:00:00.0005888" startTime="2026-07-14T22:59:19.1615533+08:00" endTime="2026-07-14T22:59:19.1618554+08:00" testType="13cdc9d9-ddb5-4fa4-a97d-d965ccfc6d4b" outcome="Passed" testListId="8c84fa94-04c1-424b-9868-57a2d4851a1d" relativeResultsDirectory="f07c67f4-9432-43d3-8555-5157d2767a14" />
    <UnitTestResult executionId="681c52b6-f38d-4940-81a5-c8664399d553" testId="7cb22c96-0b8b-cbe1-fb68-2f73580b8201" testName="PeakCan.Host.Core.Tests.DbcParserTests.Fails_On_Message_Id_Overflow" computerName="TAOSANGXIAOXIN" duration="00:00:00.0004248" startTime="2026-07-14T22:59:19.2338794+08:00" endTime="2026-07-14T22:59:19.2339157+08:00" testType="13cdc9d9-ddb5-4fa4-a97d-d965ccfc6d4b" outcome="Passed" testListId="8c84fa94-04c1-424b-9868-57a2d4851a1d" relativeResultsDirectory="681c52b6-f38d-4940-81a5-c8664399d553" />
    <UnitTestResult executionId="e757a2c5-41b3-4575-a998-2fbb4edccfc4" testId="22596dc8-9a99-ac5a-4ef5-70ba43db6b57" testName="PeakCan.Host.Core.Tests.DbcParserTests.Parses_Multiple_Signals_Per_Message" computerName="TAOSANGXIAOXIN" duration="00:00:00.0006738" startTime="2026-07-14T22:59:19.2157461+08:00" endTime="2026-07-14T22:59:19.2160191+08:00" testType="13cdc9d9-ddb5-4fa4-a97d-d965ccfc6d4b" outcome="Passed" testListId="8c84fa94-04c1-424b-9868-57a2d4851a1d" relativeResultsDirectory="e757a2c5-41b3-4575-a998-2fbb4edccfc4" />
    <UnitTestResult executionId="912d55c5-cef1-4d8f-aa47-d079fdc98676" testId="89c9168d-78db-8903-f87a-c4abfb153313" testName="PeakCan.Host.Core.Tests.Uds.UdsSessionTests.S3_KeepAlive_Does_Not_Swallow_Silently" computerName="TAOSANGXIAOXIN" duration="00:00:00.5109970" startTime="2026-07-14T22:59:19.6332242+08:00" endTime="2026-07-14T22:59:20.1442753+08:00" testType="13cdc9d9-ddb5-4fa4-a97d-d965ccfc6d4b" outcome="Passed" testListId="8c84fa94-04c1-424b-9868-57a2d4851a1d" relativeResultsDirectory="912d55c5-cef1-4d8f-aa47-d079fdc98676" />
    <UnitTestResult executionId="010380a9-a72e-4be1-8a3d-185f06607a3a" testId="565773ae-2395-a78e-076a-c4bb2a07d558" testName="PeakCan.Host.Core.Tests.Uds.UdsClientVolatileTests.Ctor_With_SessionLogger_Wires_To_UdsSession" computerName="TAOSANGXIAOXIN" duration="00:00:00.0041141" startTime="2026-07-14T22:59:19.3456505+08:00" endTime="2026-07-14T22:59:19.3457067+08:00" testType="13cdc9d9-ddb5-4fa4-a97d-d965ccfc6d4b" outcome="Passed" testListId="8c84fa94-04c1-424b-9868-57a2d4851a1d" relativeResultsDirectory="010380a9-a72e-4be1-8a3d-185f06607a3a" />
    <UnitTestResult executionId="478ab1ad-ed02-4c43-8d3d-fa65e23ed5bf" testId="cb362912-573b-29a6-1965-05fa666fa395" testName="PeakCan.Host.Core.Tests.DbcParserTests.Fails_On_Signal_With_Invalid_Order_Digit" computerName="TAOSANGXIAOXIN" duration="00:00:00.0002978" startTime="2026-07-14T22:59:19.2450180+08:00" endTime="2026-07-14T22:59:19.2450550+08:00" testType="13cdc9d9-ddb5-4fa4-a97d-d965ccfc6d4b" outcome="Passed" testListId="8c84fa94-04c1-424b-9868-57a2d4851a1d" relativeResultsDirectory="478ab1ad-ed02-4c43-8d3d-fa65e23ed5bf" />
    <UnitTestResult executionId="544784aa-a639-491e-bb47-215f11446ad5" testId="e7bccbb6-4a28-de7e-f9fd-6b35a4e18dcf" testName="PeakCan.Host.Core.Tests.Uds.Database.RoutineDatabaseTests.Find_MissingId_Returns_Null" computerName="TAOSANGXIAOXIN" duration="00:00:00.0014108" startTime="2026-07-14T22:59:19.1373560+08:00" endTime="2026-07-14T22:59:19.1417245+08:00" testType="13cdc9d9-ddb5-4fa4-a97d-d965ccfc6d4b" outcome="Passed" testListId="8c84fa94-04c1-424b-9868-57a2d4851a1d" relativeResultsDirectory="544784aa-a639-491e-bb47-215f11446ad5" />
    <UnitTestResult executionId="a31868ba-fce8-447d-9f7f-d6f2d52a7ab0" testId="451dfd77-808d-5b1e-ae5b-e94baa269022" testName="PeakCan.Host.Core.Tests.Uds.IsoTpLayerTests.HandleFirstFrame_Rejection_Resets_State_For_Next_Frame" computerName="TAOSANGXIAOXIN" duration="00:00:00.0293010" startTime="2026-07-14T22:59:19.1035734+08:00" endTime="2026-07-14T22:59:19.1507837+08:00" testType="13cdc9d9-ddb5-4fa4-a97d-d965ccfc6d4b" outcome="Passed" testListId="8c84fa94-04c1-424b-9868-57a2d4851a1d" relativeResultsDirectory="a31868ba-fce8-447d-9f7f-d6f2d52a7ab0" />
    <UnitTestResult executionId="a644b0fb-d826-4c2d-8dc0-ab191516a74c" testId="1c8f0fb5-8f86-458a-854a-cba841fe8127" testName="PeakCan.Host.Core.Tests.FrameFlagsTests.None_Has_No_Flag" computerName="TAOSANGXIAOXIN" duration="00:00:00.0002709" startTime="2026-07-14T22:59:19.1078333+08:00" endTime="2026-07-14T22:59:19.1079408+08:00" testType="13cdc9d9-ddb5-4fa4-a97d-d965ccfc6d4b" outcome="Passed" testListId="8c84fa94-04c1-424b-9868-57a2d4851a1d" relativeResultsDirectory="a644b0fb-d826-4c2d-8dc0-ab191516a74c" />
    <UnitTestResult executionId="87ea8ee8-6933-4d51-9c7a-9e2ef71a0372" testId="201ae045-a0b3-d614-64f6-34a4b7365d74" testName="PeakCan.Host.Core.Tests.Replay.IReplayServiceTests.SetCanIdFilter_UpdatesService" computerName="TAOSANGXIAOXIN" duration="00:00:00.0032031" startTime="2026-07-14T22:59:19.2186438+08:00" endTime="2026-07-14T22:59:19.2293425+08:00" testType="13cdc9d9-ddb5-4fa4-a97d-d965ccfc6d4b" outcome="Passed" testListId="8c84fa94-04c1-424b-9868-57a2d4851a1d" relativeResultsDirectory="87ea8ee8-6933-4d51-9c7a-9e2ef71a0372" />
    <UnitTestResult executionId="3bae8d7d-91ff-4981-9260-d7ed5b2e0f01" testId="2e0a394a-ae80-984b-7abf-c349aa279c31" testName="PeakCan.Host.Core.Tests.Uds.Odx.OdxParserTests.Parse_UnsupportedVersion_AddsWarningButStillProduces" computerName="TAOSANGXIAOXIN" duration="00:00:00.0209606" startTime="2026-07-14T22:59:19.1156149+08:00" endTime="2026-07-14T22:59:19.1531617+08:00" testType="13cdc9d9-ddb5-4fa4-a97d-d965ccfc6d4b" outcome="Passed" testListId="8c84fa94-04c1-424b-9868-57a2d4851a1d" relativeResultsDirectory="3bae8d7d-91ff-4981-9260-d7ed5b2e0f01" />
    <UnitTestResult executionId="a235b0b9-d23f-473d-8aa2-529b0165c9d7" testId="ebb07b55-1140-3f91-7e0a-1ba886ab2831" testName="PeakCan.Host.Core.Tests.Replay.ReplayTimelineTests.EmitFrame_CanIdFilterNull_PassesAll" computerName="TAOSANGXIAOXIN" duration="00:00:00.5033078" startTime="2026-07-14T22:59:41.9412591+08:00" endTime="2026-07-14T22:59:42.4448449+08:00" testType="13cdc9d9-ddb5-4fa4-a97d-d965ccfc6d4b" outcome="Passed" testListId="8c84fa94-04c1-424b-9868-57a2d4851a1d" relativeResultsDirectory="a235b0b9-d23f-473d-8aa2-529b0165c9d7" />
    <UnitTestResult executionId="b5fdbead-8b11-4461-8919-4db272db86b5" testId="74bef5dc-5af5-8e2b-7496-984cdf6c8e82" testName="PeakCan.Host.Core.Tests.Path.PathNormalizerTests.Normalize_NullOrEmpty_Throws(input: &quot;&quot;)" computerName="TAOSANGXIAOXIN" duration="00:00:00.0006753" startTime="2026-07-14T22:59:19.1953670+08:00" endTime="2026-07-14T22:59:19.1971425+08:00" testType="13cdc9d9-ddb5-4fa4-a97d-d965ccfc6d4b" outcome="Passed" testListId="8c84fa94-04c1-424b-9868-57a2d4851a1d" relativeResultsDirectory="b5fdbead-8b11-4461-8919-4db272db86b5" />
    <UnitTestResult executionId="d349e07e-f056-4b9e-971b-9d8a4561c058" testId="78c01fc4-15a5-dada-f919-6be48398c1bc" testName="PeakCan.Host.Core.Tests.DbcTokenizerTests.Recognizes_All_Keyword_Variants(input: &quot;BS_: 1000&quot;, expectedType: Keyword_BS_, expectedLexeme: &quot;BS_&quot;)" computerName="TAOSANGXIAOXIN" duration="00:00:00.0000094" startTime="2026-07-14T22:59:19.1416770+08:00" endTime="2026-07-14T22:59:19.1417497+08:00" testType="13cdc9d9-ddb5-4fa4-a97d-d965ccfc6d4b" outcome="Passed" testListId="8c84fa94-04c1-424b-9868-57a2d4851a1d" relativeResultsDirectory="d349e07e-f056-4b9e-971b-9d8a4561c058" />
    <UnitTestResult executionId="bdacba8c-93a9-4318-9dca-3b47f85fbe21" testId="1196bc38-c6f8-4af8-73cc-c62704b79e74" testName="PeakCan.Host.Core.Tests.Services.AscLocatorTests.LocateAsync_BeyondMaxDepth_ReturnsNull" computerName="TAOSANGXIAOXIN" duration="00:00:00.0323217" startTime="2026-07-14T22:59:19.2008057+08:00" endTime="2026-07-14T22:59:19.2099508+08:00" testType="13cdc9d9-ddb5-4fa4-a97d-d965ccfc6d4b" outcome="Passed" testListId="8c84fa94-04c1-424b-9868-57a2d4851a1d" relativeResultsDirectory="bdacba8c-93a9-4318-9dca-3b47f85fbe21" />
    <UnitTestResult executionId="5425285d-1e61-44e9-82fc-bf9f2dcace01" testId="29293fdd-e672-b82e-d43a-786dabd45016" testName="PeakCan.Host.Core.Tests.DbcTokenizerTests.Recognizes_Numbers(input: &quot;3.14&quot;, expectedType: Float, expectedLexeme: &quot;3.14&quot;)" computerName="TAOSANGXIAOXIN" duration="00:00:00.0000090" startTime="2026-07-14T22:59:19.1466827+08:00" endTime="2026-07-14T22:59:19.1468084+08:00" testType="13cdc9d9-ddb5-4fa4-a97d-d965ccfc6d4b" outcome="Passed" testListId="8c84fa94-04c1-424b-9868-57a2d4851a1d" relativeResultsDirectory="5425285d-1e61-44e9-82fc-bf9f2dcace01" />
    <UnitTestResult executionId="35d259ca-a778-48b1-aad3-4a7d22def8f6" testId="1b6b8f9f-dd5f-d450-6176-1c23a47d3f88" testName="PeakCan.Host.Core.Tests.DbcTokenizerTests.Tracks_Line_And_Column_Across_Newlines" computerName="TAOSANGXIAOXIN" duration="00:00:00.0019567" startTime="2026-07-14T22:59:19.1597659+08:00" endTime="2026-07-14T22:59:19.1652570+08:00" testType="13cdc9d9-ddb5-4fa4-a97d-d965ccfc6d4b" outcome="Passed" testListId="8c84fa94-04c1-424b-9868-57a2d4851a1d" relativeResultsDirectory="35d259ca-a778-48b1-aad3-4a7d22def8f6" />
    <UnitTestResult executionId="eff7bd68-ecb5-4ca0-99f9-014a1713e346" testId="3e21e16e-8f36-586f-63b3-7401d7b6ad2e" testName="PeakCan.Host.Core.Tests.ResultTests.Match_Invokes_OnFail_For_Failure" computerName="TAOSANGXIAOXIN" duration="00:00:00.0099364" startTime="2026-07-14T22:59:19.1489346+08:00" endTime="2026-07-14T22:59:19.1506640+08:00" testType="13cdc9d9-ddb5-4fa4-a97d-d965ccfc6d4b" outcome="Passed" testListId="8c84fa94-04c1-424b-9868-57a2d4851a1d" relativeResultsDirectory="eff7bd68-ecb5-4ca0-99f9-014a1713e346" />
    <UnitTestResult executionId="369e2ae7-f3d1-44b1-8835-8dcfa3ef3103" testId="f6e09823-0889-d729-6c57-db3afe2a1b66" testName="PeakCan.Host.Core.Tests.DbcParserMultiplexedTests.Fails_When_VAL_References_Unknown_Signal_Name" computerName="TAOSANGXIAOXIN" duration="00:00:00.0003590" startTime="2026-07-14T22:59:19.1359624+08:00" endTime="2026-07-14T22:59:19.1374040+08:00" testType="13cdc9d9-ddb5-4fa4-a97d-d965ccfc6d4b" outcome="Passed" testListId="8c84fa94-04c1-424b-9868-57a2d4851a1d" relativeResultsDirectory="369e2ae7-f3d1-44b1-8835-8dcfa3ef3103" />
    <UnitTestResult executionId="9f5cf0b5-7d59-4216-9f64-e23b87282802" testId="51c73544-290e-6def-845c-ba79fe969f37" testName="PeakCan.Host.Core.Tests.Uds.UdsClientTests.DiagnosticSessionControlAsync_WritesNegotiatedP2_Into_Timer" computerName="TAOSANGXIAOXIN" duration="00:00:00.0498776" startTime="2026-07-14T22:59:19.0358491+08:00" endTime="2026-07-14T22:59:19.1635956+08:00" testType="13cdc9d9-ddb5-4fa4-a97d-d965ccfc6d4b" outcome="Passed" testListId="8c84fa94-04c1-424b-9868-57a2d4851a1d" relativeResultsDirectory="9f5cf0b5-7d59-4216-9f64-e23b87282802" />
    <UnitTestResult executionId="e09e8495-34e9-4ffe-a9b5-7560aeb3791b" testId="eacb9714-c757-5989-9b6d-8693d0af2c1a" testName="PeakCan.Host.Core.Tests.DbcTokenizerTests.Recognizes_All_Keyword_Variants(input: &quot;BU_: ECU1 ECU2&quot;, expectedType: Keyword_BU_, expectedLexeme: &quot;BU_&quot;)" computerName="TAOSANGXIAOXIN" duration="00:00:00.0000116" startTime="2026-07-14T22:59:19.1402513+08:00" endTime="2026-07-14T22:59:19.1402923+08:00" testType="13cdc9d9-ddb5-4fa4-a97d-d965ccfc6d4b" outcome="Passed" testListId="8c84fa94-04c1-424b-9868-57a2d4851a1d" relativeResultsDirectory="e09e8495-34e9-4ffe-a9b5-7560aeb3791b" />
    <UnitTestResult executionId="d1c720ce-cbc2-4bda-818b-4b341a5f3d4a" testId="916be342-dfd8-4274-0c7f-2788f62ca797" testName="PeakCan.Host.Core.Tests.DbcParserTests.Fails_On_ValTable_Without_Value_String" computerName="TAOSANGXIAOXIN" duration="00:00:00.0002458" startTime="2026-07-14T22:59:19.2117195+08:00" endTime="2026-07-14T22:59:19.2118735+08:00" testType="13cdc9d9-ddb5-4fa4-a97d-d965ccfc6d4b" outcome="Passed" testListId="8c84fa94-04c1-424b-9868-57a2d4851a1d" relativeResultsDirectory="d1c720ce-cbc2-4bda-818b-4b341a5f3d4a" />
    <UnitTestResult executionId="2461fd56-b330-4bdc-9038-3639a59fa3fb" testId="0a7c6127-e3fd-4623-494e-983a98af07e9" testName="PeakCan.Host.Core.Tests.Uds.IsoTpLayerTests.HandleFlowControl_StMin_0xF1_Applies_100us_Not_241ms_Per_CF_Delay" computerName="TAOSANGXIAOXIN" duration="00:00:00.0240160" startTime="2026-07-14T22:59:19.2356846+08:00" endTime="2026-07-14T22:59:19.2432172+08:00" testType="13cdc9d9-ddb5-4fa4-a97d-d965ccfc6d4b" outcome="Passed" testListId="8c84fa94-04c1-424b-9868-57a2d4851a1d" relativeResultsDirectory="2461fd56-b330-4bdc-9038-3639a59fa3fb" />
    <UnitTestResult executionId="657651eb-8bfb-46b9-97f9-46ac752fc37b" testId="65140760-a82f-3bee-7001-e30e26075025" testName="PeakCan.Host.Core.Tests.Replay.AscFormatRoundTripTests.WriteDataLine_MultipleFrames_TimestampMonotonic(count: 8)" computerName="TAOSANGXIAOXIN" duration="00:00:00.0077131" startTime="2026-07-14T22:59:19.1883628+08:00" endTime="2026-07-14T22:59:19.1905908+08:00" testType="13cdc9d9-ddb5-4fa4-a97d-d965ccfc6d4b" outcome="Passed" testListId="8c84fa94-04c1-424b-9868-57a2d4851a1d" relativeResultsDirectory="657651eb-8bfb-46b9-97f9-46ac752fc37b" />
    <UnitTestResult executionId="235cc45c-9acf-4efb-98bd-217cc8bc93b3" testId="4a29ecf1-98f8-2b6c-a573-b63efda7f308" testName="PeakCan.Host.Core.Tests.Uds.PlaceholderKeyAlgorithmTests.ComputeKey_Throws_KeyAlgorithmNotConfiguredException" computerName="TAOSANGXIAOXIN" duration="00:00:00.0076383" startTime="2026-07-14T22:59:19.1082120+08:00" endTime="2026-07-14T22:59:19.1178329+08:00" testType="13cdc9d9-ddb5-4fa4-a97d-d965ccfc6d4b" outcome="Passed" testListId="8c84fa94-04c1-424b-9868-57a2d4851a1d" relativeResultsDirectory="235cc45c-9acf-4efb-98bd-217cc8bc93b3" />
    <UnitTestResult executionId="3944ee51-7824-4107-873a-6f3b6103df41" testId="f59ba609-9f24-643f-c240-7b4aa813bf2d" testName="PeakCan.Host.Core.Tests.DbcParserTests.Fails_On_Standard_Id_Out_Of_Range" computerName="TAOSANGXIAOXIN" duration="00:00:00.0001560" startTime="2026-07-14T22:59:19.2333652+08:00" endTime="2026-07-14T22:59:19.2334166+08:00" testType="13cdc9d9-ddb5-4fa4-a97d-d965ccfc6d4b" outcome="Passed" testListId="8c84fa94-04c1-424b-9868-57a2d4851a1d" relativeResultsDirectory="3944ee51-7824-4107-873a-6f3b6103df41" />
    <UnitTestResult executionId="481d7f16-3363-4d89-9238-0f510912847a" testId="63137bf8-263d-9521-aab0-7204e5412f28" testName="PeakCan.Host.Core.Tests.ICanChannelTests.FromFdDescriptor_sets_IsFd_true" computerName="TAOSANGXIAOXIN" duration="00:00:00.0006683" startTime="2026-07-14T22:59:19.1046609+08:00" endTime="2026-07-14T22:59:19.1047359+08:00" testType="13cdc9d9-ddb5-4fa4-a97d-d965ccfc6d4b" outcome="Passed" testListId="8c84fa94-04c1-424b-9868-57a2d4851a1d" relativeResultsDirectory="481d7f16-3363-4d89-9238-0f510912847a" />
    <UnitTestResult executionId="b39efb44-eb9d-4b7f-b6f3-1c523519ca28" testId="c4b23144-c94f-687e-85db-88efe06d0093" testName="PeakCan.Host.Core.Tests.DbcTokenizerTests.Throws_On_String_Literal_With_Embedded_Newline" computerName="TAOSANGXIAOXIN" duration="00:00:00.0017384" startTime="2026-07-14T22:59:19.2025073+08:00" endTime="2026-07-14T22:59:19.2036731+08:00" testType="13cdc9d9-ddb5-4fa4-a97d-d965ccfc6d4b" outcome="Passed" testListId="8c84fa94-04c1-424b-9868-57a2d4851a1d" relativeResultsDirectory="b39efb44-eb9d-4b7f-b6f3-1c523519ca28" />
    <UnitTestResult executionId="87c9f64d-e7fa-46b8-972d-751ed9ab949f" testId="a2c41a63-a767-7a20-2469-e6b71be8e265" testName="PeakCan.Host.Core.Tests.Replay.AscParserTests.Parse_OversizeSeekableStream_ThrowsReplayLoadException" computerName="TAOSANGXIAOXIN" duration="00:00:00.0016886" startTime="2026-07-14T22:59:19.3316391+08:00" endTime="2026-07-14T22:59:19.3342406+08:00" testType="13cdc9d9-ddb5-4fa4-a97d-d965ccfc6d4b" outcome="Passed" testListId="8c84fa94-04c1-424b-9868-57a2d4851a1d" relativeResultsDirectory="87c9f64d-e7fa-46b8-972d-751ed9ab949f" />
    <UnitTestResult executionId="9782a94a-afd1-429f-9c09-a5c73e377589" testId="1a6cb72a-d56b-0ae5-aaa2-0995e4b0dd6c" testName="PeakCan.Host.Core.Tests.Uds.UdsClientVolatileTests.EcuResetAsync_NegativeResponse_Propagates" computerName="TAOSANGXIAOXIN" duration="00:00:00.0019130" startTime="2026-07-14T22:59:19.2428637+08:00" endTime="2026-07-14T22:59:19.2430792+08:00" testType="13cdc9d9-ddb5-4fa4-a97d-d965ccfc6d4b" outcome="Passed" testListId="8c84fa94-04c1-424b-9868-57a2d4851a1d" relativeResultsDirectory="9782a94a-afd1-429f-9c09-a5c73e377589" />
    <UnitTestResult executionId="11f01b1c-f820-49a9-8716-2ed22cfa83dd" testId="2c204d16-1eb3-a66c-9fab-0127e8ce6a80" testName="PeakCan.Host.Core.Tests.Uds.IsoTpLayerTests.SendMultiFrameAsync_Uses_Awaited_SendFrame_Callback" computerName="TAOSANGXIAOXIN" duration="00:00:00.0540009" startTime="2026-07-14T22:59:20.3264142+08:00" endTime="2026-07-14T22:59:20.3806518+08:00" testType="13cdc9d9-ddb5-4fa4-a97d-d965ccfc6d4b" outcome="Passed" testListId="8c84fa94-04c1-424b-9868-57a2d4851a1d" relativeResultsDirectory="11f01b1c-f820-49a9-8716-2ed22cfa83dd" />
    <UnitTestResult executionId="f92720ba-8c20-49df-bfb1-a80535b63871" testId="18363561-a20c-5344-3f1f-a22f918bb25a" testName="PeakCan.Host.Core.Tests.Uds.Odx.DemoCddSmokeTests.RealFile_FindsDtcsInEcuSharedData" computerName="TAOSANGXIAOXIN" duration="00:00:00.0335288" startTime="2026-07-14T22:59:19.2316286+08:00" endTime="2026-07-14T22:59:19.2453152+08:00" testType="13cdc9d9-ddb5-4fa4-a97d-d965ccfc6d4b" outcome="Passed" testListId="8c84fa94-04c1-424b-9868-57a2d4851a1d" relativeResultsDirectory="f92720ba-8c20-49df-bfb1-a80535b63871" />
    <UnitTestResult executionId="e8bd2692-edc3-4651-b5fe-2f559ccfe0c5" testId="ec33df6e-02ad-ed2e-ac9c-f779b1039820" testName="PeakCan.Host.Core.Tests.CanIdTests.Standard_Boundaries_Are_Valid(raw: 2047)" computerName="TAOSANGXIAOXIN" duration="00:00:00.0001431" startTime="2026-07-14T22:59:19.1641155+08:00" endTime="2026-07-14T22:59:19.1644649+08:00" testType="13cdc9d9-ddb5-4fa4-a97d-d965ccfc6d4b" outcome="Passed" testListId="8c84fa94-04c1-424b-9868-57a2d4851a1d" relativeResultsDirectory="e8bd2692-edc3-4651-b5fe-2f559ccfe0c5" />
    <UnitTestResult executionId="304ba918-e676-48cb-86de-3c4cb35cd9e4" testId="de72afd3-b4c6-cbc8-2fb6-ef9c59c76dc5" testName="PeakCan.Host.Core.Tests.Uds.IKeyDerivationAlgorithmContractTests.Fake_ComputeKey_Receives_Seed_And_Level" computerName="TAOSANGXIAOXIN" duration="00:00:00.0100541" startTime="2026-07-14T22:59:19.1060888+08:00" endTime="2026-07-14T22:59:19.1178659+08:00" testType="13cdc9d9-ddb5-4fa4-a97d-d965ccfc6d4b" outcome="Passed" testListId="8c84fa94-04c1-424b-9868-57a2d4851a1d" relativeResultsDirectory="304ba918-e676-48cb-86de-3c4cb35cd9e4" />
    <UnitTestResult executionId="648fd798-a3ce-45f9-919f-5c8f8fd8f181" testId="83972a23-f30f-29be-d864-ee68301a7499" testName="PeakCan.Host.Core.Tests.Uds.Database.RoutineDefinitionTests.Record_Equality_Is_Value_Based" computerName="TAOSANGXIAOXIN" duration="00:00:00.0011273" startTime="2026-07-14T22:59:19.1567315+08:00" endTime="2026-07-14T22:59:19.1588411+08:00" testType="13cdc9d9-ddb5-4fa4-a97d-d965ccfc6d4b" outcome="Passed" testListId="8c84fa94-04c1-424b-9868-57a2d4851a1d" relativeResultsDirectory="648fd798-a3ce-45f9-919f-5c8f8fd8f181" />
    <UnitTestResult executionId="cac125c4-8750-4609-af1c-e9f3a22eb263" testId="7e22b89a-c1c9-9bb9-912b-9e3971a1f118" testName="PeakCan.Host.Core.Tests.Uds.IsoTpLayerTests.SendMultiFrameAsync_After_SendFailure_Resets_TxWaitingForFc" computerName="TAOSANGXIAOXIN" duration="00:00:00.0018575" startTime="2026-07-14T22:59:20.3808718+08:00" endTime="2026-07-14T22:59:20.3827046+08:00" testType="13cdc9d9-ddb5-4fa4-a97d-d965ccfc6d4b" outcome="Passed" testListId="8c84fa94-04c1-424b-9868-57a2d4851a1d" relativeResultsDirectory="cac125c4-8750-4609-af1c-e9f3a22eb263" />
    <UnitTestResult executionId="b23804da-8016-4b9d-a674-8d5371583b67" testId="de85185e-97d1-0508-4de0-77ffce17698a" testName="PeakCan.Host.Core.Tests.DbcTokenizerTests.Recognizes_Numbers(input: &quot;-42&quot;, expectedType: Integer, expectedLexeme: &quot;-42&quot;)" computerName="TAOSANGXIAOXIN" duration="00:00:00.0000069" startTime="2026-07-14T22:59:19.1480406+08:00" endTime="2026-07-14T22:59:19.1481034+08:00" testType="13cdc9d9-ddb5-4fa4-a97d-d965ccfc6d4b" outcome="Passed" testListId="8c84fa94-04c1-424b-9868-57a2d4851a1d" relativeResultsDirectory="b23804da-8016-4b9d-a674-8d5371583b67" />
    <UnitTestResult executionId="40d4ab39-a5fb-4a44-88e1-a71f0f99cf43" testId="b85f85a8-43e9-e29f-5956-9ddf4194612b" testName="PeakCan.Host.Core.Tests.DbcTokenizerTests.Recognizes_All_Keyword_Variants(input: &quot;VERSION \&quot;1.0\&quot;&quot;, expectedType: Keyword_VERSION, expectedLexeme: &quot;VERSION&quot;)" computerName="TAOSANGXIAOXIN" duration="00:00:00.0000162" startTime="2026-07-14T22:59:19.1404030+08:00" endTime="2026-07-14T22:59:19.1404544+08:00" testType="13cdc9d9-ddb5-4fa4-a97d-d965ccfc6d4b" outcome="Passed" testListId="8c84fa94-04c1-424b-9868-57a2d4851a1d" relativeResultsDirectory="40d4ab39-a5fb-4a44-88e1-a71f0f99cf43" />
    <UnitTestResult executionId="395982ed-5b57-4363-a6b2-b5e00f3eb253" testId="19beef6a-491f-417c-de61-3c8c664dcb28" testName="PeakCan.Host.Core.Tests.DbcParserTests.MultiplexorSignalIndex_Is_Null_When_No_Signal_Is_Marked_Multiplexor" computerName="TAOSANGXIAOXIN" duration="00:00:00.0006179" startTime="2026-07-14T22:59:19.2292905+08:00" endTime="2026-07-14T22:59:19.2294977+08:00" testType="13cdc9d9-ddb5-4fa4-a97d-d965ccfc6d4b" outcome="Passed" testListId="8c84fa94-04c1-424b-9868-57a2d4851a1d" relativeResultsDirectory="395982ed-5b57-4363-a6b2-b5e00f3eb253" />
    <UnitTestResult executionId="20ba0ecc-3d86-4878-bb07-f4cda31995ce" testId="083ae2c3-5f69-a857-1e7a-d1dcbce073ad" testName="PeakCan.Host.Core.Tests.DbcParserTests.Parse_With_MaxMessageCount_Above_Actual_Returns_Success" computerName="TAOSANGXIAOXIN" duration="00:00:00.0002657" startTime="2026-07-14T22:59:19.2437445+08:00" endTime="2026-07-14T22:59:19.2437958+08:00" testType="13cdc9d9-ddb5-4fa4-a97d-d965ccfc6d4b" outcome="Passed" testListId="8c84fa94-04c1-424b-9868-57a2d4851a1d" relativeResultsDirectory="20ba0ecc-3d86-4878-bb07-f4cda31995ce" />
    <UnitTestResult executionId="40afdc38-7df3-4fd5-88d1-feecd5d65378" testId="de67386f-a2ef-723b-4533-660c66cfa158" testName="PeakCan.Host.Core.Tests.Dbc.DbcEncodeServiceTests.Encode_FloatSignal_Ieee754Bits" computerName="TAOSANGXIAOXIN" duration="00:00:00.0004367" startTime="2026-07-14T22:59:19.1527596+08:00" endTime="2026-07-14T22:59:19.1529362+08:00" testType="13cdc9d9-ddb5-4fa4-a97d-d965ccfc6d4b" outcome="Passed" testListId="8c84fa94-04c1-424b-9868-57a2d4851a1d" relativeResultsDirectory="40afdc38-7df3-4fd5-88d1-feecd5d65378" />
    <UnitTestResult executionId="d1cf7ca2-bd34-4d20-a1a3-4ea2213d533f" testId="29badfef-b929-f3e7-72e2-4addf876a1b8" testName="PeakCan.Host.Core.Tests.Uds.IKeyDerivationAlgorithmContractTests.Fake_Implements_Interface" computerName="TAOSANGXIAOXIN" duration="00:00:00.0002075" startTime="2026-07-14T22:59:19.1055821+08:00" endTime="2026-07-14T22:59:19.1057859+08:00" testType="13cdc9d9-ddb5-4fa4-a97d-d965ccfc6d4b" outcome="Passed" testListId="8c84fa94-04c1-424b-9868-57a2d4851a1d" relativeResultsDirectory="d1cf7ca2-bd34-4d20-a1a3-4ea2213d533f" />
    <UnitTestResult executionId="a85aa179-6e1a-40c7-9715-60f27f6bafec" testId="40b30af6-cff2-abb6-1c54-82e56820736b" testName="PeakCan.Host.Core.Tests.DbcTokenizerTests.Emits_Eof_Token_At_End" computerName="TAOSANGXIAOXIN" duration="00:00:00.0002580" startTime="2026-07-14T22:59:19.2022552+08:00" endTime="2026-07-14T22:59:19.2023813+08:00" testType="13cdc9d9-ddb5-4fa4-a97d-d965ccfc6d4b" outcome="Passed" testListId="8c84fa94-04c1-424b-9868-57a2d4851a1d" relativeResultsDirectory="a85aa179-6e1a-40c7-9715-60f27f6bafec" />
    <UnitTestResult executionId="2552651a-cd2b-4c7e-b796-37afbabe45cd" testId="fdbddbac-d47c-fbc3-a031-d6099ce2ac61" testName="PeakCan.Host.Core.Tests.Uds.UdsClientSecurityAccessOverloadTests.TwoArg_Overload_XmlDoc_Mentions_MidHandshake_Race" computerName="TAOSANGXIAOXIN" duration="00:00:00.0019966" startTime="2026-07-14T22:59:19.1231077+08:00" endTime="2026-07-14T22:59:19.1362448+08:00" testType="13cdc9d9-ddb5-4fa4-a97d-d965ccfc6d4b" outcome="Passed" testListId="8c84fa94-04c1-424b-9868-57a2d4851a1d" relativeResultsDirectory="2552651a-cd2b-4c7e-b796-37afbabe45cd" />
    <UnitTestResult executionId="519b2ba4-474b-4f59-83a9-5e11bed4a063" testId="a7a6edf9-783d-fcb2-094c-6f0abca97420" testName="PeakCan.Host.Core.Tests.Path.PathNormalizerTests.Normalize_AbsolutePath_ReturnsCanonical" computerName="TAOSANGXIAOXIN" duration="00:00:00.0001617" startTime="2026-07-14T22:59:19.2071668+08:00" endTime="2026-07-14T22:59:19.2071856+08:00" testType="13cdc9d9-ddb5-4fa4-a97d-d965ccfc6d4b" outcome="Passed" testListId="8c84fa94-04c1-424b-9868-57a2d4851a1d" relativeResultsDirectory="519b2ba4-474b-4f59-83a9-5e11bed4a063" />
    <UnitTestResult executionId="d728248b-2792-48f7-9163-57fe502bdd4a" testId="ea5ae6ea-94b4-2359-e123-7e2dc12ef640" testName="PeakCan.Host.Core.Tests.DbcParserMultiplexedTests.Parses_Multiplexor_Signal" computerName="TAOSANGXIAOXIN" duration="00:00:00.0250557" startTime="2026-07-14T22:59:19.0373449+08:00" endTime="2026-07-14T22:59:19.0834470+08:00" testType="13cdc9d9-ddb5-4fa4-a97d-d965ccfc6d4b" outcome="Passed" testListId="8c84fa94-04c1-424b-9868-57a2d4851a1d" relativeResultsDirectory="d728248b-2792-48f7-9163-57fe502bdd4a" />
    <UnitTestResult executionId="601f6030-1d91-4843-aad6-0a34f172c2d7" testId="8163a708-71a6-b863-0148-82f49b036d13" testName="PeakCan.Host.Core.Tests.Services.AscLocatorTests.LocateAsync_EmptyHash_ReturnsNull_NoSearch" computerName="TAOSANGXIAOXIN" duration="00:00:00.0713718" startTime="2026-07-14T22:59:19.0373950+08:00" endTime="2026-07-14T22:59:19.1571892+08:00" testType="13cdc9d9-ddb5-4fa4-a97d-d965ccfc6d4b" outcome="Passed" testListId="8c84fa94-04c1-424b-9868-57a2d4851a1d" relativeResultsDirectory="601f6030-1d91-4843-aad6-0a34f172c2d7" />
    <UnitTestResult executionId="5a0e4a45-56bc-42a4-a736-cd07b9f1cb39" testId="f5755b14-aa6d-0484-176e-7ddd007ff860" testName="PeakCan.Host.Core.Tests.Uds.Odx.OdxParserTests.Parse_XDocumentWithBaseVariant_ReturnsOdxDocument" computerName="TAOSANGXIAOXIN" duration="00:00:00.0456992" startTime="2026-07-14T22:59:19.0374432+08:00" endTime="2026-07-14T22:59:19.1153905+08:00" testType="13cdc9d9-ddb5-4fa4-a97d-d965ccfc6d4b" outcome="Passed" testListId="8c84fa94-04c1-424b-9868-57a2d4851a1d" relativeResultsDirectory="5a0e4a45-56bc-42a4-a736-cd07b9f1cb39" />
    <UnitTestResult executionId="8e2a10c5-7bb9-4f19-977a-1c3c1113d60a" testId="a07a6e34-9c6a-30c1-331a-1d405aaf2eec" testName="PeakCan.Host.Core.Tests.SignalDecoderTests.DecodeRaw_64BitSigned_Zero_ReturnsZeroBitPattern" computerName="TAOSANGXIAOXIN" duration="00:00:00.0001951" startTime="2026-07-14T22:59:19.1107826+08:00" endTime="2026-07-14T22:59:19.1121628+08:00" testType="13cdc9d9-ddb5-4fa4-a97d-d965ccfc6d4b" outcome="Passed" testListId="8c84fa94-04c1-424b-9868-57a2d4851a1d" relativeResultsDirectory="8e2a10c5-7bb9-4f19-977a-1c3c1113d60a" />
    <UnitTestResult executionId="9e6f1982-d776-451a-ace5-c2d8b666feda" testId="7a44b288-cf88-3f4a-d1fc-5bd98a808ea2" testName="PeakCan.Host.Core.Tests.Uds.UdsSecurityTests.DifferentLevels_Have_Independent_Counters" computerName="TAOSANGXIAOXIN" duration="00:00:00.0014273" startTime="2026-07-14T22:59:19.2615642+08:00" endTime="2026-07-14T22:59:19.2616115+08:00" testType="13cdc9d9-ddb5-4fa4-a97d-d965ccfc6d4b" outcome="Passed" testListId="8c84fa94-04c1-424b-9868-57a2d4851a1d" relativeResultsDirectory="9e6f1982-d776-451a-ace5-c2d8b666feda" />
    <UnitTestResult executionId="a2d13dcf-7493-4841-9aba-13417fe7a6bb" testId="1a7b52a9-71eb-84aa-49f9-3b1b2a72ca56" testName="PeakCan.Host.Core.Tests.Replay.IReplayServiceTests.SetLoop_PropagatesToInternalTimeline" computerName="TAOSANGXIAOXIN" duration="00:00:00.0047661" startTime="2026-07-14T22:59:19.1553106+08:00" endTime="2026-07-14T22:59:19.1598188+08:00" testType="13cdc9d9-ddb5-4fa4-a97d-d965ccfc6d4b" outcome="Passed" testListId="8c84fa94-04c1-424b-9868-57a2d4851a1d" relativeResultsDirectory="a2d13dcf-7493-4841-9aba-13417fe7a6bb" />
    <UnitTestResult executionId="3f081ef9-197f-4c8c-9b4f-09c7a52da70e" testId="b2f049e5-46c4-c5f2-faeb-98e77f18c3bf" testName="PeakCan.Host.Core.Tests.Uds.Database.DidDatabaseTests.DefaultJsonPath_Is_Under_LocalAppData_PeakCanHost" computerName="TAOSANGXIAOXIN" duration="00:00:00.0012068" startTime="2026-07-14T22:59:19.1381913+08:00" endTime="2026-07-14T22:59:19.1445480+08:00" testType="13cdc9d9-ddb5-4fa4-a97d-d965ccfc6d4b" outcome="Passed" testListId="8c84fa94-04c1-424b-9868-57a2d4851a1d" relativeResultsDirectory="3f081ef9-197f-4c8c-9b4f-09c7a52da70e" />
    <UnitTestResult executionId="c7502bc6-666d-4034-90ae-3794740eb658" testId="8c2de9ad-d584-204f-821a-002b5fd708df" testName="PeakCan.Host.Core.Tests.Uds.Odx.EcuJobMappingTests.TryMap_ValidEcuJob_ReturnsRoutineDefinition" computerName="TAOSANGXIAOXIN" duration="00:00:00.0009538" startTime="2026-07-14T22:59:19.1970671+08:00" endTime="2026-07-14T22:59:19.1983414+08:00" testType="13cdc9d9-ddb5-4fa4-a97d-d965ccfc6d4b" outcome="Passed" testListId="8c84fa94-04c1-424b-9868-57a2d4851a1d" relativeResultsDirectory="c7502bc6-666d-4034-90ae-3794740eb658" />
    <UnitTestResult executionId="fb43d6fa-9092-4ff9-ba40-6b7ebe00c7bf" testId="d9008019-c97a-e818-a1be-cab9e3602fe5" testName="PeakCan.Host.Core.Tests.DbcParserTests.Fails_On_ValTable_Without_Name" computerName="TAOSANGXIAOXIN" duration="00:00:00.0001658" startTime="2026-07-14T22:59:19.2178499+08:00" endTime="2026-07-14T22:59:19.2178942+08:00" testType="13cdc9d9-ddb5-4fa4-a97d-d965ccfc6d4b" outcome="Passed" testListId="8c84fa94-04c1-424b-9868-57a2d4851a1d" relativeResultsDirectory="fb43d6fa-9092-4ff9-ba40-6b7ebe00c7bf" />
    <UnitTestResult executionId="16f7c26a-6487-468d-b1bf-a3e9a44d64d5" testId="3ddd19dc-c4a2-c4c1-9f87-d5580de6e9bb" testName="PeakCan.Host.Core.Tests.Replay.ReplayTimelineTests.OnTick_SinkThrows_DoesNotEmitFurtherFrames" computerName="TAOSANGXIAOXIN" duration="00:00:00.4133434" startTime="2026-07-14T22:59:24.3600810+08:00" endTime="2026-07-14T22:59:24.7734168+08:00" testType="13cdc9d9-ddb5-4fa4-a97d-d965ccfc6d4b" outcome="Passed" testListId="8c84fa94-04c1-424b-9868-57a2d4851a1d" relativeResultsDirectory="16f7c26a-6487-468d-b1bf-a3e9a44d64d5" />
    <UnitTestResult executionId="119dfa87-53e4-4fc0-b382-11fdad186d8d" testId="b8b3c664-7d12-1c7a-1f77-8380fef5bc68" testName="PeakCan.Host.Core.Tests.Replay.IReplayServiceTests.SetStartTimestamp_PropagatesToInternalTimeline" computerName="TAOSANGXIAOXIN" duration="00:00:00.0005392" startTime="2026-07-14T22:59:19.2137809+08:00" endTime="2026-07-14T22:59:19.2139667+08:00" testType="13cdc9d9-ddb5-4fa4-a97d-d965ccfc6d4b" outcome="Passed" testListId="8c84fa94-04c1-424b-9868-57a2d4851a1d" relativeResultsDirectory="119dfa87-53e4-4fc0-b382-11fdad186d8d" />
    <UnitTestResult executionId="7bb4f12a-79b0-437b-bf05-6afc886f2c26" testId="d4dd5abb-f13c-4123-a259-eac906b7c7b7" testName="PeakCan.Host.Core.Tests.Replay.ReplayTimelineTests.OnTick_RangeFilter_EmptiesAllFrames_StillRaisesPlaybackEndedOnEof" computerName="TAOSANGXIAOXIN" duration="00:00:02.5005513" startTime="2026-07-14T22:59:50.6782970+08:00" endTime="2026-07-14T22:59:53.1789658+08:00" testType="13cdc9d9-ddb5-4fa4-a97d-d965ccfc6d4b" outcome="Passed" testListId="8c84fa94-04c1-424b-9868-57a2d4851a1d" relativeResultsDirectory="7bb4f12a-79b0-437b-bf05-6afc886f2c26" />
    <UnitTestResult executionId="138b5921-20e7-4b83-b39e-be08ee03cb84" testId="5f3d0630-7290-2025-25fa-d539bba7255b" testName="PeakCan.Host.Core.Tests.Uds.UdsClientTests.RequestDownloadAsync_Throws_UdsException_On_TruncatedResponse" computerName="TAOSANGXIAOXIN" duration="00:00:00.0153590" startTime="2026-07-14T22:59:19.3547507+08:00" endTime="2026-07-14T22:59:19.3742674+08:00" testType="13cdc9d9-ddb5-4fa4-a97d-d965ccfc6d4b" outcome="Passed" testListId="8c84fa94-04c1-424b-9868-57a2d4851a1d" relativeResultsDirectory="138b5921-20e7-4b83-b39e-be08ee03cb84" />
    <UnitTestResult executionId="986db1c7-a757-4504-878f-69ddf5f5b46a" testId="07b0014f-118a-f4f7-600a-0415999bf1ed" testName="PeakCan.Host.Core.Tests.Uds.UdsClientSecurityAccessOverloadTests.NewOverload_Behavior_When_KeyAlgorithm_Is_Placeholder" computerName="TAOSANGXIAOXIN" duration="00:00:00.0003044" startTime="2026-07-14T22:59:19.1194754+08:00" endTime="2026-07-14T22:59:19.1209744+08:00" testType="13cdc9d9-ddb5-4fa4-a97d-d965ccfc6d4b" outcome="Passed" testListId="8c84fa94-04c1-424b-9868-57a2d4851a1d" relativeResultsDirectory="986db1c7-a757-4504-878f-69ddf5f5b46a" />
    <UnitTestResult executionId="d4d05e20-8042-4769-9f2b-5fae4d5bcbd3" testId="6d0c533f-558a-bfa7-b4dc-ace750facdd4" testName="PeakCan.Host.Core.Tests.Replay.AscFormatRoundTripTests.WriteDataLine_MultipleFrames_TimestampMonotonic(count: 15)" computerName="TAOSANGXIAOXIN" duration="00:00:00.0001367" startTime="2026-07-14T22:59:19.1920519+08:00" endTime="2026-07-14T22:59:19.1921189+08:00" testType="13cdc9d9-ddb5-4fa4-a97d-d965ccfc6d4b" outcome="Passed" testListId="8c84fa94-04c1-424b-9868-57a2d4851a1d" relativeResultsDirectory="d4d05e20-8042-4769-9f2b-5fae4d5bcbd3" />
    <UnitTestResult executionId="7c046479-030b-48ed-b99e-b3640e1262ba" testId="73e4e0d8-2c4f-15c5-1406-5ca4fd646770" testName="PeakCan.Host.Core.Tests.Replay.ReplayTimelineTests.OnTick_ReachesEnd_LoopTrue_RestartsAtZero" computerName="TAOSANGXIAOXIN" duration="00:00:00.7149547" startTime="2026-07-14T22:59:41.2258340+08:00" endTime="2026-07-14T22:59:41.9410230+08:00" testType="13cdc9d9-ddb5-4fa4-a97d-d965ccfc6d4b" outcome="Passed" testListId="8c84fa94-04c1-424b-9868-57a2d4851a1d" relativeResultsDirectory="7c046479-030b-48ed-b99e-b3640e1262ba" />
    <UnitTestResult executionId="a5ced9a3-9a52-403c-a403-c1231cdc9bbe" testId="1caff08c-ab90-0e82-d269-5d3372ca5bce" testName="PeakCan.Host.Core.Tests.Replay.CanIdListParserTests.Parse_HexDigitsOnly_Literal0xPrefixRejectedAsInvalid" computerName="TAOSANGXIAOXIN" duration="00:00:00.0004032" startTime="2026-07-14T22:59:19.2311371+08:00" endTime="2026-07-14T22:59:19.2313467+08:00" testType="13cdc9d9-ddb5-4fa4-a97d-d965ccfc6d4b" outcome="Passed" testListId="8c84fa94-04c1-424b-9868-57a2d4851a1d" relativeResultsDirectory="a5ced9a3-9a52-403c-a403-c1231cdc9bbe" />
    <UnitTestResult executionId="5fb269b2-3493-4474-a523-26619f327265" testId="edbc1439-0cf9-c2fa-d147-c45fd95380ac" testName="PeakCan.Host.Core.Tests.Uds.Odx.OdxImportResultTests.Ok_WithCounts_ProducesSuccessResult" computerName="TAOSANGXIAOXIN" duration="00:00:00.0388585" startTime="2026-07-14T22:59:19.1635080+08:00" endTime="2026-07-14T22:59:19.2048351+08:00" testType="13cdc9d9-ddb5-4fa4-a97d-d965ccfc6d4b" outcome="Passed" testListId="8c84fa94-04c1-424b-9868-57a2d4851a1d" relativeResultsDirectory="5fb269b2-3493-4474-a523-26619f327265" />
    <UnitTestResult executionId="5aade04f-574f-49cb-b1c0-999aa6bfc759" testId="0c35baf9-ec4b-e2bb-5b7d-bb6743dd6e89" testName="PeakCan.Host.Core.Tests.Uds.UdsClientTests.SecurityAccessAsync_RequestSeed_Nrc_35_DoesNot_Increment_AttemptCount" computerName="TAOSANGXIAOXIN" duration="00:00:00.0025438" startTime="2026-07-14T22:59:19.3517387+08:00" endTime="2026-07-14T22:59:19.3545575+08:00" testType="13cdc9d9-ddb5-4fa4-a97d-d965ccfc6d4b" outcome="Passed" testListId="8c84fa94-04c1-424b-9868-57a2d4851a1d" relativeResultsDirectory="5aade04f-574f-49cb-b1c0-999aa6bfc759" />
    <UnitTestResult executionId="e9f3d0be-ec69-4c31-aa49-1c9bfecadcd8" testId="21cc701f-8ad9-724c-6f52-e0576d35b3ae" testName="PeakCan.Host.Core.Tests.Path.PathNormalizerTests.NormalizeRestricted_EmptyAllowedRoots_Throws_OutsideAllowedRoot" computerName="TAOSANGXIAOXIN" duration="00:00:00.0021802" startTime="2026-07-14T22:59:19.2010926+08:00" endTime="2026-07-14T22:59:19.2025462+08:00" testType="13cdc9d9-ddb5-4fa4-a97d-d965ccfc6d4b" outcome="Passed" testListId="8c84fa94-04c1-424b-9868-57a2d4851a1d" relativeResultsDirectory="e9f3d0be-ec69-4c31-aa49-1c9bfecadcd8" />
    <UnitTestResult executionId="703d29f8-015b-477f-8400-b03efc160d73" testId="c263203c-eac2-2924-1a02-b44ed33ec4ce" testName="PeakCan.Host.Core.Tests.Uds.Database.DatabaseAddRangeTests.RoutineDatabase_AddRange_NewRoutines_AppendsToAll" computerName="TAOSANGXIAOXIN" duration="00:00:00.0037956" startTime="2026-07-14T22:59:19.1702228+08:00" endTime="2026-07-14T22:59:19.1728719+08:00" testType="13cdc9d9-ddb5-4fa4-a97d-d965ccfc6d4b" outcome="Passed" testListId="8c84fa94-04c1-424b-9868-57a2d4851a1d" relativeResultsDirectory="703d29f8-015b-477f-8400-b03efc160d73" />
    <UnitTestResult executionId="9d3483d1-92dd-4197-bb0f-853bdffd5b1e" testId="389199fb-4390-4473-0b1e-f3a148a1c8ce" testName="PeakCan.Host.Core.Tests.Uds.Database.DatabaseAddRangeTests.DidDatabase_AddRange_NewDids_AppendsToAll" computerName="TAOSANGXIAOXIN" duration="00:00:00.0021369" startTime="2026-07-14T22:59:19.1877277+08:00" endTime="2026-07-14T22:59:19.1880562+08:00" testType="13cdc9d9-ddb5-4fa4-a97d-d965ccfc6d4b" outcome="Passed" testListId="8c84fa94-04c1-424b-9868-57a2d4851a1d" relativeResultsDirectory="9d3483d1-92dd-4197-bb0f-853bdffd5b1e" />
    <UnitTestResult executionId="c248be2f-3232-42c7-8ed7-432763ad7d9e" testId="9d86f613-bd4e-1cf5-20bf-70d7de9a8c20" testName="PeakCan.Host.Core.Tests.Dbc.DbcEncodeServiceTests.Encode_OverflowingPhysical_Throws" computerName="TAOSANGXIAOXIN" duration="00:00:00.0021716" startTime="2026-07-14T22:59:19.1211548+08:00" endTime="2026-07-14T22:59:19.1354426+08:00" testType="13cdc9d9-ddb5-4fa4-a97d-d965ccfc6d4b" outcome="Passed" testListId="8c84fa94-04c1-424b-9868-57a2d4851a1d" relativeResultsDirectory="c248be2f-3232-42c7-8ed7-432763ad7d9e" />
    <UnitTestResult executionId="d1e2a69c-e83d-42b7-ab7e-7ff79c22f0ba" testId="043f7041-0e7f-0748-ae3d-df690f7fdb61" testName="PeakCan.Host.Core.Tests.Replay.CanIdListParserTests.Parse_CaseInsensitiveHex_0xAbCAnd0XABCSameId" computerName="TAOSANGXIAOXIN" duration="00:00:00.1042368" startTime="2026-07-14T22:59:19.1359970+08:00" endTime="2026-07-14T22:59:19.2158201+08:00" testType="13cdc9d9-ddb5-4fa4-a97d-d965ccfc6d4b" outcome="Passed" testListId="8c84fa94-04c1-424b-9868-57a2d4851a1d" relativeResultsDirectory="d1e2a69c-e83d-42b7-ab7e-7ff79c22f0ba" />
    <UnitTestResult executionId="4c817337-b0a6-4f4b-89fe-708ecfd3dc6d" testId="ba111e04-66be-7ccb-f3b0-44d47a0171a1" testName="PeakCan.Host.Core.Tests.ResultTests.TryGetValue_Returns_False_For_Fail" computerName="TAOSANGXIAOXIN" duration="00:00:00.0003664" startTime="2026-07-14T22:59:19.1484701+08:00" endTime="2026-07-14T22:59:19.1488152+08:00" testType="13cdc9d9-ddb5-4fa4-a97d-d965ccfc6d4b" outcome="Passed" testListId="8c84fa94-04c1-424b-9868-57a2d4851a1d" relativeResultsDirectory="4c817337-b0a6-4f4b-89fe-708ecfd3dc6d" />
    <UnitTestResult executionId="23bc71fa-9bc0-4dab-9cb7-6b962820fded" testId="feeaa7f0-a4a9-5cde-4549-02a93809df61" testName="PeakCan.Host.Core.Tests.Replay.IReplayServiceTests.PlaybackEnded_RaisedWithError_OnFirstSinkFailure" computerName="TAOSANGXIAOXIN" duration="00:00:00.2200554" startTime="2026-07-14T22:59:19.8475295+08:00" endTime="2026-07-14T22:59:20.0677979+08:00" testType="13cdc9d9-ddb5-4fa4-a97d-d965ccfc6d4b" outcome="Passed" testListId="8c84fa94-04c1-424b-9868-57a2d4851a1d" relativeResultsDirectory="23bc71fa-9bc0-4dab-9cb7-6b962820fded" />
    <UnitTestResult executionId="47240596-5685-4536-be84-b0620fdcc560" testId="e9ae0c80-1417-b97d-7594-b61620a67674" testName="PeakCan.Host.Core.Tests.Replay.ReplayTimelineTests.OnTick_RangeFilter_ChangedAtRuntime_TakesEffectImmediately" computerName="TAOSANGXIAOXIN" duration="00:00:01.0177863" startTime="2026-07-14T22:59:55.7270761+08:00" endTime="2026-07-14T22:59:56.7453260+08:00" testType="13cdc9d9-ddb5-4fa4-a97d-d965ccfc6d4b" outcome="Passed" testListId="8c84fa94-04c1-424b-9868-57a2d4851a1d" relativeResultsDirectory="47240596-5685-4536-be84-b0620fdcc560" />
    <UnitTestResult executionId="03940449-3710-4773-9e61-bc64f6abd418" testId="bf370f9a-fb66-f4a7-059b-fda41aee3fa5" testName="PeakCan.Host.Core.Tests.CanFrameTests.Equal_Frames_With_Different_Array_Instances_Are_Equal" computerName="TAOSANGXIAOXIN" duration="00:00:00.0328091" startTime="2026-07-14T22:59:19.0374617+08:00" endTime="2026-07-14T22:59:19.1028024+08:00" testType="13cdc9d9-ddb5-4fa4-a97d-d965ccfc6d4b" outcome="Passed" testListId="8c84fa94-04c1-424b-9868-57a2d4851a1d" relativeResultsDirectory="03940449-3710-4773-9e61-bc64f6abd418" />
    <UnitTestResult executionId="16c3e459-0f68-442d-a3c4-dc1a40d92e7e" testId="48e4bb21-6e1b-b95c-9bab-9caae2a45975" testName="PeakCan.Host.Core.Tests.DbcParserTests.Fails_With_Line_And_Column_On_Bad_Token" computerName="TAOSANGXIAOXIN" duration="00:00:00.0002532" startTime="2026-07-14T22:59:19.2347926+08:00" endTime="2026-07-14T22:59:19.2350334+08:00" testType="13cdc9d9-ddb5-4fa4-a97d-d965ccfc6d4b" outcome="Passed" testListId="8c84fa94-04c1-424b-9868-57a2d4851a1d" relativeResultsDirectory="16c3e459-0f68-442d-a3c4-dc1a40d92e7e" />
    <UnitTestResult executionId="bed3cf0d-e700-45bd-9af0-504386a87e28" testId="4263f10e-510d-aa44-416b-00c5bcda667e" testName="PeakCan.Host.Core.Tests.Dbc.DbcEncodeServiceTests.Encode_SignalOutOfRange_Throws" computerName="TAOSANGXIAOXIN" duration="00:00:00.0010129" startTime="2026-07-14T22:59:19.1378132+08:00" endTime="2026-07-14T22:59:19.1426141+08:00" testType="13cdc9d9-ddb5-4fa4-a97d-d965ccfc6d4b" outcome="Passed" testListId="8c84fa94-04c1-424b-9868-57a2d4851a1d" relativeResultsDirectory="bed3cf0d-e700-45bd-9af0-504386a87e28" />
    <UnitTestResult executionId="59b1ee95-ba7f-459c-af97-faeef0b6336e" testId="2b0646b5-1c3d-ccc2-33cf-872a117273d7" testName="PeakCan.Host.Core.Tests.Path.PathNormalizerTests.Normalize_PathWithTraversalSegment_Throws" computerName="TAOSANGXIAOXIN" duration="00:00:00.0010846" startTime="2026-07-14T22:59:19.2035281+08:00" endTime="2026-07-14T22:59:19.2037495+08:00" testType="13cdc9d9-ddb5-4fa4-a97d-d965ccfc6d4b" outcome="Passed" testListId="8c84fa94-04c1-424b-9868-57a2d4851a1d" relativeResultsDirectory="59b1ee95-ba7f-459c-af97-faeef0b6336e" />
    <UnitTestResult executionId="8c18ba7f-ff19-411b-9b47-165a4d983394" testId="6dde0d35-6f46-9a5b-1819-cc0f12103595" testName="PeakCan.Host.Core.Tests.Replay.LoopRegionValidationTests.OnTick_WithInvertedLoopRegion_DoesNotInfiniteLoop" computerName="TAOSANGXIAOXIN" duration="00:00:00.3308973" startTime="2026-07-14T22:59:19.0358974+08:00" endTime="2026-07-14T22:59:19.3331473+08:00" testType="13cdc9d9-ddb5-4fa4-a97d-d965ccfc6d4b" outcome="Passed" testListId="8c84fa94-04c1-424b-9868-57a2d4851a1d" relativeResultsDirectory="8c18ba7f-ff19-411b-9b47-165a4d983394" />
    <UnitTestResult executionId="06ec75b9-3041-4b6c-ba36-6906eb25ef16" testId="943af92f-e2d2-6467-c8dd-67925701b59c" testName="PeakCan.Host.Core.Tests.DbcTokenizerTests.Recognizes_All_Keyword_Variants(input: &quot; SG_ Sig1 : 0|8@1+ (1,0) [0|255] \&quot;unit\&quot; Vector__&quot;···, expectedType: Keyword_SG_, expectedLexeme: &quot;SG_&quot;)" computerName="TAOSANGXIAOXIN" duration="00:00:00.0000163" startTime="2026-07-14T22:59:19.1401279+08:00" endTime="2026-07-14T22:59:19.1401754+08:00" testType="13cdc9d9-ddb5-4fa4-a97d-d965ccfc6d4b" outcome="Passed" testListId="8c84fa94-04c1-424b-9868-57a2d4851a1d" relativeResultsDirectory="06ec75b9-3041-4b6c-ba36-6906eb25ef16" />
    <UnitTestResult executionId="3d35543e-3c80-4a69-8cfe-c7cfe93a9de1" testId="b6cfff01-ce72-8190-20f2-575e2ffcc498" testName="PeakCan.Host.Core.Tests.Uds.Odx.DemoCddSmokeTests.RealFile_Parse_FindsDiagServices" computerName="TAOSANGXIAOXIN" duration="00:00:00.0136988" startTime="2026-07-14T22:59:19.2454543+08:00" endTime="2026-07-14T22:59:19.2467189+08:00" testType="13cdc9d9-ddb5-4fa4-a97d-d965ccfc6d4b" outcome="Passed" testListId="8c84fa94-04c1-424b-9868-57a2d4851a1d" relativeResultsDirectory="3d35543e-3c80-4a69-8cfe-c7cfe93a9de1" />
    <UnitTestResult executionId="bd7b0314-7aa8-4afb-84a0-47408e8743a4" testId="7fa5a2e4-f80f-3ce1-2195-b1904f1cafb3" testName="PeakCan.Host.Core.Tests.Uds.Database.RoutineDatabaseNreTests.Ctor_WithNullLoggerAndNullPath_ReturnsEmptyList" computerName="TAOSANGXIAOXIN" duration="00:00:00.0005013" startTime="2026-07-14T22:59:19.1195401+08:00" endTime="2026-07-14T22:59:19.1214882+08:00" testType="13cdc9d9-ddb5-4fa4-a97d-d965ccfc6d4b" outcome="Passed" testListId="8c84fa94-04c1-424b-9868-57a2d4851a1d" relativeResultsDirectory="bd7b0314-7aa8-4afb-84a0-47408e8743a4" />
    <UnitTestResult executionId="d44ccf40-2869-435d-8811-50fce0c40366" testId="aceb0468-8f75-1c35-ae5f-2a63fe2474de" testName="PeakCan.Host.Core.Tests.Services.AscLocatorTests.LocateAsync_MissingSearchDirsFile_EmptyList_NoThrow" computerName="TAOSANGXIAOXIN" duration="00:00:00.0027796" startTime="2026-07-14T22:59:19.2100852+08:00" endTime="2026-07-14T22:59:19.2110568+08:00" testType="13cdc9d9-ddb5-4fa4-a97d-d965ccfc6d4b" outcome="Passed" testListId="8c84fa94-04c1-424b-9868-57a2d4851a1d" relativeResultsDirectory="d44ccf40-2869-435d-8811-50fce0c40366" />
    <UnitTestResult executionId="b19f0cff-b98e-4157-9543-786c1054d017" testId="16edb4b1-1c7d-193a-8820-980b714b6b3b" testName="PeakCan.Host.Core.Tests.Uds.Odx.OdxParserTests.Parse_EmptyContainer_ReturnsDocumentWithEmptyLayerList" computerName="TAOSANGXIAOXIN" duration="00:00:00.0008080" startTime="2026-07-14T22:59:19.1540535+08:00" endTime="2026-07-14T22:59:19.1541203+08:00" testType="13cdc9d9-ddb5-4fa4-a97d-d965ccfc6d4b" outcome="Passed" testListId="8c84fa94-04c1-424b-9868-57a2d4851a1d" relativeResultsDirectory="b19f0cff-b98e-4157-9543-786c1054d017" />
    <UnitTestResult executionId="85624369-2c43-465a-ad8d-1212c559b755" testId="3b4bee0f-ba19-badd-2796-ed6e281b51fc" testName="PeakCan.Host.Core.Tests.Uds.UdsClientTests.SecurityAccessAsync_SendKey_Nrc_35_Still_Increments_AttemptCount" computerName="TAOSANGXIAOXIN" duration="00:00:00.0035429" startTime="2026-07-14T22:59:19.2470026+08:00" endTime="2026-07-14T22:59:19.2471967+08:00" testType="13cdc9d9-ddb5-4fa4-a97d-d965ccfc6d4b" outcome="Passed" testListId="8c84fa94-04c1-424b-9868-57a2d4851a1d" relativeResultsDirectory="85624369-2c43-465a-ad8d-1212c559b755" />
    <UnitTestResult executionId="cdc76904-471a-45cb-82cb-2db744a06dc9" testId="f9815e12-4845-6626-968f-44dbe2610b67" testName="PeakCan.Host.Core.Tests.ResultTests.Match_Invokes_OnOk_For_Success" computerName="TAOSANGXIAOXIN" duration="00:00:00.0020871" startTime="2026-07-14T22:59:19.1351258+08:00" endTime="2026-07-14T22:59:19.1393123+08:00" testType="13cdc9d9-ddb5-4fa4-a97d-d965ccfc6d4b" outcome="Passed" testListId="8c84fa94-04c1-424b-9868-57a2d4851a1d" relativeResultsDirectory="cdc76904-471a-45cb-82cb-2db744a06dc9" />
    <UnitTestResult executionId="1fbec17c-b220-4367-9f1d-30e296829390" testId="a6401c64-75aa-6090-cfaa-4959f9713acb" testName="PeakCan.Host.Core.Tests.DbcTokenizerTests.Throws_On_Unknown_Char" computerName="TAOSANGXIAOXIN" duration="00:00:00.0038719" startTime="2026-07-14T22:59:19.1521507+08:00" endTime="2026-07-14T22:59:19.1543646+08:00" testType="13cdc9d9-ddb5-4fa4-a97d-d965ccfc6d4b" outcome="Passed" testListId="8c84fa94-04c1-424b-9868-57a2d4851a1d" relativeResultsDirectory="1fbec17c-b220-4367-9f1d-30e296829390" />
    <UnitTestResult executionId="c2286902-168c-42a4-a9f3-8a13a825ac40" testId="8cda663c-9295-4f26-8b59-8e0b1bf83c50" testName="PeakCan.Host.Core.Tests.DbcParserTests.Fails_On_Signal_Start_Bit_Overflow" computerName="TAOSANGXIAOXIN" duration="00:00:00.0006256" startTime="2026-07-14T22:59:19.2129859+08:00" endTime="2026-07-14T22:59:19.2131093+08:00" testType="13cdc9d9-ddb5-4fa4-a97d-d965ccfc6d4b" outcome="Passed" testListId="8c84fa94-04c1-424b-9868-57a2d4851a1d" relativeResultsDirectory="c2286902-168c-42a4-a9f3-8a13a825ac40" />
    <UnitTestResult executionId="af770f24-e4f8-43a7-9fac-7b10dc33c6df" testId="901063b9-e3e4-41d1-5c50-edba26fb6364" testName="PeakCan.Host.Core.Tests.E51PtBmsSpecificValuesTests.Parses_Vector_Independent_Sig_Msg_With_64bit_Signals" computerName="TAOSANGXIAOXIN" duration="00:00:00.0050821" startTime="2026-07-14T22:59:19.1148658+08:00" endTime="2026-07-14T22:59:19.1231616+08:00" testType="13cdc9d9-ddb5-4fa4-a97d-d965ccfc6d4b" outcome="Passed" testListId="8c84fa94-04c1-424b-9868-57a2d4851a1d" relativeResultsDirectory="af770f24-e4f8-43a7-9fac-7b10dc33c6df" />
    <UnitTestResult executionId="ab7a7153-25c2-48eb-812b-331ff0293967" testId="7883958d-3c7b-a279-0603-93a4222a02bd" testName="PeakCan.Host.Core.Tests.Uds.Database.DidDatabaseTests.UserJson_Missing_File_Falls_Back_To_BuiltIn" computerName="TAOSANGXIAOXIN" duration="00:00:00.0019192" startTime="2026-07-14T22:59:19.1244952+08:00" endTime="2026-07-14T22:59:19.1379997+08:00" testType="13cdc9d9-ddb5-4fa4-a97d-d965ccfc6d4b" outcome="Passed" testListId="8c84fa94-04c1-424b-9868-57a2d4851a1d" relativeResultsDirectory="ab7a7153-25c2-48eb-812b-331ff0293967" />
    <UnitTestResult executionId="477aee5d-c521-420b-95db-d62f85026ac2" testId="82cd53e7-6a6c-0e61-c73d-d78250ca5528" testName="PeakCan.Host.Core.Tests.Replay.CanIdListParserTests.Parse_Empty_ReturnsClearFilter" computerName="TAOSANGXIAOXIN" duration="00:00:00.0006108" startTime="2026-07-14T22:59:19.2168154+08:00" endTime="2026-07-14T22:59:19.2180566+08:00" testType="13cdc9d9-ddb5-4fa4-a97d-d965ccfc6d4b" outcome="Passed" testListId="8c84fa94-04c1-424b-9868-57a2d4851a1d" relativeResultsDirectory="477aee5d-c521-420b-95db-d62f85026ac2" />
    <UnitTestResult executionId="5c5de01a-0737-41be-9183-991810f5b14f" testId="e4ff989a-e7aa-db1a-4cd2-77a484759115" testName="PeakCan.Host.Core.Tests.Replay.AscParserTests.Parse_LargeFile_Performance" computerName="TAOSANGXIAOXIN" duration="00:00:00.0490835" startTime="2026-07-14T22:59:19.2809773+08:00" endTime="2026-07-14T22:59:19.3300803+08:00" testType="13cdc9d9-ddb5-4fa4-a97d-d965ccfc6d4b" outcome="Passed" testListId="8c84fa94-04c1-424b-9868-57a2d4851a1d" relativeResultsDirectory="5c5de01a-0737-41be-9183-991810f5b14f" />
    <UnitTestResult executionId="d81c90d8-a3d4-4de5-87e6-1bbbdf72b966" testId="33e11fd4-8fe6-608f-d1b3-6aa27414dbab" testName="PeakCan.Host.Core.Tests.Replay.AscFormatRoundTripTests.WriteDataLine_ClassicFrame_ParseBackRoundTripEqual" computerName="TAOSANGXIAOXIN" duration="00:00:00.0012022" startTime="2026-07-14T22:59:19.1928916+08:00" endTime="2026-07-14T22:59:19.1930854+08:00" testType="13cdc9d9-ddb5-4fa4-a97d-d965ccfc6d4b" outcome="Passed" testListId="8c84fa94-04c1-424b-9868-57a2d4851a1d" relativeResultsDirectory="d81c90d8-a3d4-4de5-87e6-1bbbdf72b966" />
    <UnitTestResult executionId="4cd247fd-980f-4f8d-94bf-2eb5e277150c" testId="40a4fdc0-7152-5e3c-4af2-595cbee6c5ae" testName="PeakCan.Host.Core.Tests.DbcParserTests.Fails_On_Signal_Without_Name" computerName="TAOSANGXIAOXIN" duration="00:00:00.0001828" startTime="2026-07-14T22:59:19.2183214+08:00" endTime="2026-07-14T22:59:19.2184217+08:00" testType="13cdc9d9-ddb5-4fa4-a97d-d965ccfc6d4b" outcome="Passed" testListId="8c84fa94-04c1-424b-9868-57a2d4851a1d" relativeResultsDirectory="4cd247fd-980f-4f8d-94bf-2eb5e277150c" />
    <UnitTestResult executionId="f6d30823-3125-4667-93e4-ede5265c13d5" testId="ebaf146f-38b2-eaf5-d365-48e278f58837" testName="PeakCan.Host.Core.Tests.Replay.AscParserTests.Parse_UndersizeStream_ParsesNormally" computerName="TAOSANGXIAOXIN" duration="00:00:00.0006633" startTime="2026-07-14T22:59:19.3371742+08:00" endTime="2026-07-14T22:59:19.3389161+08:00" testType="13cdc9d9-ddb5-4fa4-a97d-d965ccfc6d4b" outcome="Passed" testListId="8c84fa94-04c1-424b-9868-57a2d4851a1d" relativeResultsDirectory="f6d30823-3125-4667-93e4-ede5265c13d5" />
    <UnitTestResult executionId="b42d475c-79b3-45fe-b41d-2b6dcc5a3fb7" testId="7612e1d3-6d94-266a-6eea-3e73118e853c" testName="PeakCan.Host.Core.Tests.Replay.AscParserTests.Parse_CanoeClassicDlc_DToken" computerName="TAOSANGXIAOXIN" duration="00:00:00.0007607" startTime="2026-07-14T22:59:19.2774079+08:00" endTime="2026-07-14T22:59:19.2774421+08:00" testType="13cdc9d9-ddb5-4fa4-a97d-d965ccfc6d4b" outcome="Passed" testListId="8c84fa94-04c1-424b-9868-57a2d4851a1d" relativeResultsDirectory="b42d475c-79b3-45fe-b41d-2b6dcc5a3fb7" />
    <UnitTestResult executionId="191026be-ff8f-4c40-b141-102397300f52" testId="920bae75-5fbd-3954-d03b-6b7c8697ae69" testName="PeakCan.Host.Core.Tests.Path.PathNormalizerTests.Normalize_RelativePath_Throws" computerName="TAOSANGXIAOXIN" duration="00:00:00.0006410" startTime="2026-07-14T22:59:19.1982632+08:00" endTime="2026-07-14T22:59:19.1986446+08:00" testType="13cdc9d9-ddb5-4fa4-a97d-d965ccfc6d4b" outcome="Passed" testListId="8c84fa94-04c1-424b-9868-57a2d4851a1d" relativeResultsDirectory="191026be-ff8f-4c40-b141-102397300f52" />
    <UnitTestResult executionId="647d5443-4b35-4b5c-8ac9-0f7ad1e0d808" testId="c7e8ebc3-2136-8a52-958c-019de652bf9d" testName="PeakCan.Host.Core.Tests.Uds.UdsClientVolatileTests.TesterPresentAsync_Dispatches_To_SendRequestAsync_Virtual" computerName="TAOSANGXIAOXIN" duration="00:00:00.0016894" startTime="2026-07-14T22:59:19.3359139+08:00" endTime="2026-07-14T22:59:19.3375808+08:00" testType="13cdc9d9-ddb5-4fa4-a97d-d965ccfc6d4b" outcome="Passed" testListId="8c84fa94-04c1-424b-9868-57a2d4851a1d" relativeResultsDirectory="647d5443-4b35-4b5c-8ac9-0f7ad1e0d808" />
    <UnitTestResult executionId="c577530e-957f-499d-8b5f-a813d6ec3896" testId="ce352d4a-a39d-f80d-0b06-f35693f88207" testName="PeakCan.Host.Core.Tests.Replay.CanIdListParserTests.Parse_MixedSeparators_Flexible" computerName="TAOSANGXIAOXIN" duration="00:00:00.0011542" startTime="2026-07-14T22:59:19.2314656+08:00" endTime="2026-07-14T22:59:19.2316739+08:00" testType="13cdc9d9-ddb5-4fa4-a97d-d965ccfc6d4b" outcome="Passed" testListId="8c84fa94-04c1-424b-9868-57a2d4851a1d" relativeResultsDirectory="c577530e-957f-499d-8b5f-a813d6ec3896" />
    <UnitTestResult executionId="6711d042-5477-4603-bfc0-ebc92d142040" testId="6ed98600-83ac-1638-8a1a-b2205bf70a78" testName="PeakCan.Host.Core.Tests.Uds.Odx.DemoCddSmokeTests.RealFile_Parse_RecognizesBaseVariantLayer" computerName="TAOSANGXIAOXIN" duration="00:00:00.0315972" startTime="2026-07-14T22:59:19.2468381+08:00" endTime="2026-07-14T22:59:19.2487150+08:00" testType="13cdc9d9-ddb5-4fa4-a97d-d965ccfc6d4b" outcome="Passed" testListId="8c84fa94-04c1-424b-9868-57a2d4851a1d" relativeResultsDirectory="6711d042-5477-4603-bfc0-ebc92d142040" />
    <UnitTestResult executionId="56a356fa-eac3-4a52-9a70-2b5095b06926" testId="40f817dc-25e4-e1a9-9200-2a0ece37f297" testName="PeakCan.Host.Core.Tests.CanIdTests.ToString_Formats_Extended_As_8Hex" computerName="TAOSANGXIAOXIN" duration="00:00:00.0014697" startTime="2026-07-14T22:59:19.1563080+08:00" endTime="2026-07-14T22:59:19.1573626+08:00" testType="13cdc9d9-ddb5-4fa4-a97d-d965ccfc6d4b" outcome="Passed" testListId="8c84fa94-04c1-424b-9868-57a2d4851a1d" relativeResultsDirectory="56a356fa-eac3-4a52-9a70-2b5095b06926" />
    <UnitTestResult executionId="e9135b67-083d-468f-9b7f-c05ba0d5d864" testId="6675a217-0b50-f7ee-1d84-f0bc414317e5" testName="PeakCan.Host.Core.Tests.Replay.AscParserTests.Parse_CanoeRxTx_DirectionToken_NotMalformed" computerName="TAOSANGXIAOXIN" duration="00:00:00.0007643" startTime="2026-07-14T22:59:19.3393950+08:00" endTime="2026-07-14T22:59:19.3394666+08:00" testType="13cdc9d9-ddb5-4fa4-a97d-d965ccfc6d4b" outcome="Passed" testListId="8c84fa94-04c1-424b-9868-57a2d4851a1d" relativeResultsDirectory="e9135b67-083d-468f-9b7f-c05ba0d5d864" />
[...]
    <TestEntry testId="54ecf416-51fe-53c3-0e4f-7534a4da6d90" executionId="d890a88e-ad20-4571-810a-356337abc027" testListId="8c84fa94-04c1-424b-9868-57a2d4851a1d" />
    <TestEntry testId="67c125ec-f273-da9d-35cf-b83d92e7263f" executionId="ccd339ab-4a6f-4445-b9d5-39d1b561e622" testListId="8c84fa94-04c1-424b-9868-57a2d4851a1d" />
    <TestEntry testId="4c618016-95d3-3d02-0335-b77dfe512be1" executionId="f36b5ffc-db4a-4629-bc38-d703e2502a94" testListId="8c84fa94-04c1-424b-9868-57a2d4851a1d" />
    <TestEntry testId="9439d38c-a43a-2dfa-fab9-b9971df931c5" executionId="8b6df805-11a1-4b3e-9654-5ba71167205b" testListId="8c84fa94-04c1-424b-9868-57a2d4851a1d" />
    <TestEntry testId="0ed8d460-76f8-271d-a995-8b74fe7334b4" executionId="cd49ee26-0ccd-434b-b0f8-adcd19c0ad8e" testListId="8c84fa94-04c1-424b-9868-57a2d4851a1d" />
    <TestEntry testId="db60f499-71bd-0934-6978-7c678f2f9e3a" executionId="9b3e6e88-3327-4ce0-a92e-bb3b1e7a0ff8" testListId="8c84fa94-04c1-424b-9868-57a2d4851a1d" />
    <TestEntry testId="08b7a8d3-8bb6-3225-8483-f3e1dbf1820d" executionId="c74e47d0-1ad1-439c-8960-62377876a96a" testListId="8c84fa94-04c1-424b-9868-57a2d4851a1d" />
    <TestEntry testId="31b3c42c-f2c3-3ceb-5e23-21f9e635c768" executionId="4afd755a-732e-4240-b6bc-819e6212d12a" testListId="8c84fa94-04c1-424b-9868-57a2d4851a1d" />
    <TestEntry testId="9148e829-59f6-57d5-45d7-0f9abc8f0d24" executionId="f4bff886-3fb6-4a9e-91f2-ad3de22fa355" testListId="8c84fa94-04c1-424b-9868-57a2d4851a1d" />
    <TestEntry testId="25d1976e-3dda-f3a7-38c7-e1439f611dfc" executionId="a5a88c35-7786-4b32-91a5-a1925717f46f" testListId="8c84fa94-04c1-424b-9868-57a2d4851a1d" />
    <TestEntry testId="d1d5297a-4c3e-9511-0591-176319bd9366" executionId="faee5470-7e46-4eea-bea6-184374b974e6" testListId="8c84fa94-04c1-424b-9868-57a2d4851a1d" />
    <TestEntry testId="9749e081-cf33-a9d6-095c-f06898035c52" executionId="d4b11309-4b3a-4c26-ad05-df7a5a9afb3b" testListId="8c84fa94-04c1-424b-9868-57a2d4851a1d" />
    <TestEntry testId="454f9380-b996-f5e8-e610-867bc84bb288" executionId="42a1c304-2a89-4685-8c94-c02b4f2bdd5f" testListId="8c84fa94-04c1-424b-9868-57a2d4851a1d" />
    <TestEntry testId="5b9d48b0-ca36-232d-6ca1-ee8a449c2b33" executionId="7d9e8636-f1f5-46e6-a52c-cc63f3a66a6a" testListId="8c84fa94-04c1-424b-9868-57a2d4851a1d" />
    <TestEntry testId="8fa92df6-7e94-4ca9-5f3d-2d42a730fba3" executionId="ae32f3b8-e9f7-4c90-a98d-5947bb5420fd" testListId="8c84fa94-04c1-424b-9868-57a2d4851a1d" />
    <TestEntry testId="127f25c4-9b14-b1f5-bd4c-d26cdb8599bc" executionId="19713930-05ae-4f87-9075-01923743214a" testListId="8c84fa94-04c1-424b-9868-57a2d4851a1d" />
    <TestEntry testId="eb65ec5a-10d4-c5be-34a3-1eb7f7f495c9" executionId="a88abe48-7ccc-4ebf-9635-c74349ed15a2" testListId="8c84fa94-04c1-424b-9868-57a2d4851a1d" />
    <TestEntry testId="c4c6938b-ced9-1a17-09d5-59ce0f9d09ef" executionId="8cb4ae15-785c-4257-aa9c-f03d529cd98b" testListId="8c84fa94-04c1-424b-9868-57a2d4851a1d" />
    <TestEntry testId="d4e45907-d705-7065-01f5-6fd37148e2d7" executionId="fb66894c-3b8e-4c5e-9bb9-25ddc69bcf17" testListId="8c84fa94-04c1-424b-9868-57a2d4851a1d" />
    <TestEntry testId="96ee1ccd-05a9-fe69-c25b-5c7673dc93ca" executionId="7f1ca17b-d2e6-49f0-8ec1-faab88e4cb5a" testListId="8c84fa94-04c1-424b-9868-57a2d4851a1d" />
    <TestEntry testId="89802ea2-207a-b7a7-4bba-faad87f31032" executionId="7706304e-edf1-4c3c-9901-503c4a879180" testListId="8c84fa94-04c1-424b-9868-57a2d4851a1d" />
    <TestEntry testId="75175c6a-ea10-4f88-ae38-03a9f4fb9584" executionId="10aeabb1-f0bb-4830-aaed-d8e6c1924ed1" testListId="8c84fa94-04c1-424b-9868-57a2d4851a1d" />
    <TestEntry testId="470f6c09-78d9-c886-7395-adaa52364ae0" executionId="0ba58949-b1f7-4ed0-93dd-f02f0bac5967" testListId="8c84fa94-04c1-424b-9868-57a2d4851a1d" />
    <TestEntry testId="ab389292-6c86-0521-848c-53580ae36263" executionId="39eeee02-e5e9-462e-b478-dc06748c3573" testListId="8c84fa94-04c1-424b-9868-57a2d4851a1d" />
    <TestEntry testId="2505f9b2-0884-05c3-a206-92e89cf8005b" executionId="3240b226-5320-434a-85e4-d14d86d7a1c2" testListId="8c84fa94-04c1-424b-9868-57a2d4851a1d" />
    <TestEntry testId="df83aab4-a5ab-067d-7578-f614e9e0adff" executionId="50700d74-e373-4060-9196-ec8a36ea0fdd" testListId="8c84fa94-04c1-424b-9868-57a2d4851a1d" />
    <TestEntry testId="315032f1-a718-a2ba-bf7d-dee486d09631" executionId="15b374b3-4a83-454e-9a7c-101904fb4339" testListId="8c84fa94-04c1-424b-9868-57a2d4851a1d" />
    <TestEntry testId="5bdeab69-a501-3836-21bc-1ab715fb1682" executionId="64ad42c0-4e82-4c40-a91b-9789acca2ed4" testListId="8c84fa94-04c1-424b-9868-57a2d4851a1d" />
    <TestEntry testId="e9544cbc-9254-1ef5-feff-54d421884fb1" executionId="ca587198-5415-4164-a760-d7b1a33511ec" testListId="8c84fa94-04c1-424b-9868-57a2d4851a1d" />
    <TestEntry testId="7c81e57a-4c79-d64e-b319-e2f2cdc18f36" executionId="8e30cad6-5534-4186-9181-429a71a8731c" testListId="8c84fa94-04c1-424b-9868-57a2d4851a1d" />
    <TestEntry testId="519e10ea-9796-1f61-7a33-86123cfc1c8c" executionId="003e07b8-b33e-4bf3-baab-dcf5e46dd5e8" testListId="8c84fa94-04c1-424b-9868-57a2d4851a1d" />
    <TestEntry testId="2c01c0f5-b6fc-2939-14a8-4989fcf7598f" executionId="208ff42b-3040-4d56-8b36-86801b5f5aeb" testListId="8c84fa94-04c1-424b-9868-57a2d4851a1d" />
    <TestEntry testId="d1bfccae-a4f2-9757-4a7d-ce1c12050cc4" executionId="78ee8fe4-c84e-440b-a4bb-432a1b0058e1" testListId="8c84fa94-04c1-424b-9868-57a2d4851a1d" />
    <TestEntry testId="d737d622-919d-be7c-a60f-21ab94eacf1e" executionId="47dc59cc-34ba-4d33-943e-203d2b9689ef" testListId="8c84fa94-04c1-424b-9868-57a2d4851a1d" />
    <TestEntry testId="5dd340eb-5e65-055e-f50a-05ccea573306" executionId="869ca30f-119a-46ef-8adb-e335eb3cabd7" testListId="8c84fa94-04c1-424b-9868-57a2d4851a1d" />
    <TestEntry testId="40030542-00e8-3857-e967-50077475d43f" executionId="d46084c3-8277-469c-b0e3-9fc9a832b1fd" testListId="8c84fa94-04c1-424b-9868-57a2d4851a1d" />
    <TestEntry testId="621bb18b-062b-83e5-ce78-17b626226eeb" executionId="6416478c-fc14-486d-8779-5b1766e2f29f" testListId="8c84fa94-04c1-424b-9868-57a2d4851a1d" />
    <TestEntry testId="547d2dd6-4738-80d3-fb9a-4088ef6520d9" executionId="911166c8-bc98-4e64-b577-ce89f0bdc7f9" testListId="8c84fa94-04c1-424b-9868-57a2d4851a1d" />
    <TestEntry testId="f6742b88-d604-3147-2318-9f117ae4711d" executionId="c59b0765-ab6e-47d1-a700-a0912607b74c" testListId="8c84fa94-04c1-424b-9868-57a2d4851a1d" />
    <TestEntry testId="172d05e6-eff3-d174-7de2-1c21c62acfae" executionId="6743bb17-9e02-4e86-8f97-db532eaab373" testListId="8c84fa94-04c1-424b-9868-57a2d4851a1d" />
    <TestEntry testId="3441b0e7-e551-2a04-0750-b353153047f1" executionId="0a1e06b7-2f50-4793-8583-d74c6c1f6eed" testListId="8c84fa94-04c1-424b-9868-57a2d4851a1d" />
    <TestEntry testId="51fcc3b7-941c-c4bc-6472-a8dc63c58b6e" executionId="dce32aa9-4607-4359-af8b-28e2dd1f2be6" testListId="8c84fa94-04c1-424b-9868-57a2d4851a1d" />
    <TestEntry testId="646c23b2-6423-6a63-d5a2-edd34358c6de" executionId="e434d44f-a56b-4435-b71b-11ddf6980cc8" testListId="8c84fa94-04c1-424b-9868-57a2d4851a1d" />
    <TestEntry testId="ba6d064f-985f-8487-f72d-9c7566620979" executionId="8c3bf00b-ead0-42fd-8f34-d4c5e011420a" testListId="8c84fa94-04c1-424b-9868-57a2d4851a1d" />
    <TestEntry testId="e8d46ed7-010d-f032-71c4-49f2082d9799" executionId="53f1fb39-bd76-4570-a131-68ae4d4ee38d" testListId="8c84fa94-04c1-424b-9868-57a2d4851a1d" />
    <TestEntry testId="15b13aea-a83f-6de7-5d25-12888ed06d73" executionId="41448b3a-3914-4437-a204-4405387f88b6" testListId="8c84fa94-04c1-424b-9868-57a2d4851a1d" />
    <TestEntry testId="62a4f93d-ec9f-ab1d-27da-f176a7d5b429" executionId="41d64b18-d787-461c-a565-ff2788a014ed" testListId="8c84fa94-04c1-424b-9868-57a2d4851a1d" />
    <TestEntry testId="54cf402a-2cf9-df7a-1dfe-cf81ebb29e1f" executionId="b3384f8f-5d3d-46c1-87ca-d93674685711" testListId="8c84fa94-04c1-424b-9868-57a2d4851a1d" />
    <TestEntry testId="7a569440-1d6a-38f9-b90c-b8418fc6d9d1" executionId="23aac948-68aa-4567-9cad-8f1656665dad" testListId="8c84fa94-04c1-424b-9868-57a2d4851a1d" />
    <TestEntry testId="1a94bae7-a906-3cce-6400-9efe06c7da55" executionId="d2c218b0-225f-463b-9f54-99360bfeec89" testListId="8c84fa94-04c1-424b-9868-57a2d4851a1d" />
    <TestEntry testId="3d2310fb-48ec-bf47-c619-f2d8bd4acf5a" executionId="9b637083-7ff0-474f-bf58-53d45ea729a4" testListId="8c84fa94-04c1-424b-9868-57a2d4851a1d" />
    <TestEntry testId="b88f04d4-f00a-39e8-6185-8e90b254cd7a" executionId="aa8c9137-8e61-4f7b-bf8a-43d83bfa5c31" testListId="8c84fa94-04c1-424b-9868-57a2d4851a1d" />
    <TestEntry testId="0ea2e4c9-7945-3858-c2bb-617c08ee527e" executionId="d30b844a-8e35-4e1d-b09a-55d8b192e833" testListId="8c84fa94-04c1-424b-9868-57a2d4851a1d" />
    <TestEntry testId="c35ec99d-cf31-adeb-c2af-29d5289172d9" executionId="698a2289-57e1-4a6f-8299-7ece6bbeca19" testListId="8c84fa94-04c1-424b-9868-57a2d4851a1d" />
    <TestEntry testId="731722d7-869b-b207-4b17-cce9567ae8fa" executionId="33d77f52-f069-4e14-8bae-32d569e6ecc8" testListId="8c84fa94-04c1-424b-9868-57a2d4851a1d" />
    <TestEntry testId="03c6bcfe-c260-d753-edfc-9f2e59861be1" executionId="6c1a71af-93df-4c2d-9829-49fa5483652e" testListId="8c84fa94-04c1-424b-9868-57a2d4851a1d" />
    <TestEntry testId="5d5f3204-3cee-a7b8-47a8-91a1d526cc2a" executionId="5cb838f1-57ee-4954-928e-67517f725112" testListId="8c84fa94-04c1-424b-9868-57a2d4851a1d" />
    <TestEntry testId="6374cbf5-c63c-2d4a-5d5a-c74a93c4f18f" executionId="902acbf3-6bf2-4e3c-85d0-4ad2bc5f5486" testListId="8c84fa94-04c1-424b-9868-57a2d4851a1d" />
    <TestEntry testId="c8e11217-ed78-d19f-e897-4aafc528051a" executionId="3f9be6a8-0022-4f35-82a5-995101522524" testListId="8c84fa94-04c1-424b-9868-57a2d4851a1d" />
    <TestEntry testId="b7ba5b93-ce65-3512-e726-2e773f56b208" executionId="e6fb6ccc-bdbc-49c1-8db6-86fc7033c9df" testListId="8c84fa94-04c1-424b-9868-57a2d4851a1d" />
    <TestEntry testId="5c12ffe2-2348-9102-1060-839bec965814" executionId="c5fd692a-71cc-419c-b4ea-fb307eb463f7" testListId="8c84fa94-04c1-424b-9868-57a2d4851a1d" />
    <TestEntry testId="aab9394d-98dd-b2c6-94d1-1df7bd0a7f09" executionId="530cc6da-ea96-4109-9a63-7685d2673e6f" testListId="8c84fa94-04c1-424b-9868-57a2d4851a1d" />
    <TestEntry testId="171f7f71-fe97-4d9a-2717-19127fadf67a" executionId="332dee33-6974-4ffc-9732-c065d8a824b6" testListId="8c84fa94-04c1-424b-9868-57a2d4851a1d" />
    <TestEntry testId="f2116b44-4384-2431-8936-bd6b2f605d63" executionId="f8104703-29fa-45e8-8479-7946ddc72a34" testListId="8c84fa94-04c1-424b-9868-57a2d4851a1d" />
    <TestEntry testId="ea98239f-84e8-d6c5-752f-0a1c5127da25" executionId="a03992d1-609f-48a4-8bfa-5508afa46144" testListId="8c84fa94-04c1-424b-9868-57a2d4851a1d" />
    <TestEntry testId="93c7cffa-eb8b-abf4-5092-4e1601f3bc19" executionId="0bcca9bf-8bb0-4e3d-9a1e-b5db842169cf" testListId="8c84fa94-04c1-424b-9868-57a2d4851a1d" />
    <TestEntry testId="45981d6f-1ec2-a490-e765-c78ffc32186f" executionId="b25a71d5-83fe-4487-8f44-3568850b3c28" testListId="8c84fa94-04c1-424b-9868-57a2d4851a1d" />
    <TestEntry testId="531fffc4-085d-114e-af2f-e551041b2f52" executionId="86126191-f917-4348-aad2-317a00c878fc" testListId="8c84fa94-04c1-424b-9868-57a2d4851a1d" />
    <TestEntry testId="fbc12583-336d-d5cd-c9a9-72e3f1944d7a" executionId="68422598-7b91-4253-8175-4af36ab3b33a" testListId="8c84fa94-04c1-424b-9868-57a2d4851a1d" />
    <TestEntry testId="de34e352-51f4-e5fa-79ef-08d3cf9bd390" executionId="7e33f23c-dd3b-4e7d-962f-b6022b5b1953" testListId="8c84fa94-04c1-424b-9868-57a2d4851a1d" />
    <TestEntry testId="940a539c-c025-f209-f4ca-1e9528dc6b1e" executionId="cdea2871-9970-44db-9287-120baa6e6068" testListId="8c84fa94-04c1-424b-9868-57a2d4851a1d" />
    <TestEntry testId="3d209c31-2970-d529-c62c-ab6fa3be7a3c" executionId="4ab8f815-83ca-4263-bc9f-c6bd830d778a" testListId="8c84fa94-04c1-424b-9868-57a2d4851a1d" />
    <TestEntry testId="a804f736-6db2-f062-a0d1-246b23034495" executionId="57f0ee9b-080a-49ed-a4d4-e6ad7c011f63" testListId="8c84fa94-04c1-424b-9868-57a2d4851a1d" />
    <TestEntry testId="3baf2888-0a0e-0bd1-180f-943f67c329df" executionId="f24d3d74-2067-4f46-89d8-63319d5e3dfe" testListId="8c84fa94-04c1-424b-9868-57a2d4851a1d" />
    <TestEntry testId="1d4f4a92-3950-e406-f260-d4c3ff3eb2bb" executionId="a98f5b50-a6e9-4f74-90d5-db398ac4d49d" testListId="8c84fa94-04c1-424b-9868-57a2d4851a1d" />
    <TestEntry testId="1712d344-0c0d-f34b-0daf-4f3f4c76d286" executionId="1ca7eead-345c-4cac-9cd1-f4aebc215fb2" testListId="8c84fa94-04c1-424b-9868-57a2d4851a1d" />
    <TestEntry testId="1b249e9e-a729-86d7-68ef-884b16f77632" executionId="ea45ceb3-0cfb-4ad3-9f01-72350c72e982" testListId="8c84fa94-04c1-424b-9868-57a2d4851a1d" />
    <TestEntry testId="22f9f9c5-dd31-9ad3-0be1-c48c8fce29a5" executionId="b30ee575-f2cb-4c5d-b652-f709df02aef5" testListId="8c84fa94-04c1-424b-9868-57a2d4851a1d" />
    <TestEntry testId="599d7fdb-40ef-920a-245f-d2edd7a4f535" executionId="739a3677-2c91-4fa9-9987-fa93aa9f1da5" testListId="8c84fa94-04c1-424b-9868-57a2d4851a1d" />
    <TestEntry testId="57463a19-698c-47ba-2cf3-9bd634363489" executionId="9207d841-0262-4e4e-a8b6-04087b0d854f" testListId="8c84fa94-04c1-424b-9868-57a2d4851a1d" />
    <TestEntry testId="1cd623f5-44a4-51cc-79d7-baaca611ef6c" executionId="862a9af6-8e1e-4877-a4d5-5332d8f32759" testListId="8c84fa94-04c1-424b-9868-57a2d4851a1d" />
    <TestEntry testId="b7c872a0-b333-77d1-5517-594ab3007773" executionId="a3ee08a6-3b97-4c71-9bc2-aa35f9c02e5d" testListId="8c84fa94-04c1-424b-9868-57a2d4851a1d" />
    <TestEntry testId="29f77a3b-7177-154b-c6a5-df13b1116978" executionId="cae85d44-c323-4f56-af68-3fe068c15a32" testListId="8c84fa94-04c1-424b-9868-57a2d4851a1d" />
    <TestEntry testId="7264174c-233c-d014-9181-4dd8839a239f" executionId="61fa0470-b658-47de-a0f6-b3c086d5b5f0" testListId="8c84fa94-04c1-424b-9868-57a2d4851a1d" />
    <TestEntry testId="49cfef43-9502-2d30-4404-4d65fba1d1fb" executionId="33c28bcb-7870-423b-9775-af0a00c88c43" testListId="8c84fa94-04c1-424b-9868-57a2d4851a1d" />
    <TestEntry testId="9a3c4066-2074-d58e-47b2-a1e290a90229" executionId="8ee7b853-aa9e-422d-9fe6-028f7e6fc4db" testListId="8c84fa94-04c1-424b-9868-57a2d4851a1d" />
    <TestEntry testId="a6f542c7-08fd-6c49-fcba-c01f4671a365" executionId="202be6f7-473d-4bb4-bc9d-0a62466a31ec" testListId="8c84fa94-04c1-424b-9868-57a2d4851a1d" />
    <TestEntry testId="ffb4c607-6721-19d3-8ba0-201e20014f2b" executionId="ae7cf143-6d26-4124-82a4-e378a7f9a1bd" testListId="8c84fa94-04c1-424b-9868-57a2d4851a1d" />
    <TestEntry testId="b42f9691-f0cd-aefe-fdcb-5c5ef7cf6e61" executionId="38d64949-a194-4feb-89a5-ee7def5ba8f4" testListId="8c84fa94-04c1-424b-9868-57a2d4851a1d" />
    <TestEntry testId="d600a41c-7b07-9ecb-ad25-801e5ed30695" executionId="1f66fc27-b8c1-4098-9ce2-b0f3093f607d" testListId="8c84fa94-04c1-424b-9868-57a2d4851a1d" />
  </TestEntries>
  <TestLists>
    <TestList name="列表中未列出的结果" id="8c84fa94-04c1-424b-9868-57a2d4851a1d" />
    <TestList name="所有已加载的结果" id="19431567-8539-422a-85d7-44ee4e166bda" />
  </TestLists>
  <ResultSummary outcome="Failed">
    <Counters total="457" executed="457" passed="456" failed="1" error="0" timeout="0" aborted="0" inconclusive="0" passedButRunAborted="0" notRunnable="0" notExecuted="0" disconnected="0" warning="0" completed="0" inProgress="0" pending="0" />
    <Output>
      <StdOut>[xUnit.net 00:00:00.00] xUnit.net VSTest Adapter v3.1.4+50e68bbb8b (64-bit .NET 10.0.9)&#xD;
[xUnit.net 00:00:00.07]   Discovering: PeakCan.Host.Core.Tests&#xD;
[xUnit.net 00:00:00.13]   Discovered:  PeakCan.Host.Core.Tests&#xD;
[xUnit.net 00:00:00.18]   Starting:    PeakCan.Host.Core.Tests&#xD;
     Warning:&#xD;
     The component "Fluent Assertions" is governed by the rules defined in the Xceed License Agreement and&#xD;
     the Xceed Fluent Assertions Community License. You may use Fluent Assertions free of charge for&#xD;
     non-commercial use only. An active subscription is required to use Fluent Assertions for commercial use.&#xD;
     Please contact Xceed Sales mailto:sales@xceed.com to acquire a subscription at a very low cost.&#xD;
     A paid commercial license supports the development and continued increasing support of&#xD;
     Fluent Assertions users under both commercial and community licenses. Help us&#xD;
     keep Fluent Assertions at the forefront of unit testing.&#xD;
     For more information, visit https://xceed.com/products/unit-testing/fluent-assertions/&#xD;
[SMOKE v3.16.8.2] TraceViewerService ctor ENTER; options.MaxFileSizeBytes=209715200&#xD;
[SMOKE v3.16.8.2] TraceViewerService ctor ENTER; options.MaxFileSizeBytes=209715200&#xD;
[SMOKE v3.16.8.2] TraceViewerService ctor ENTER; options.MaxFileSizeBytes=209715200&#xD;
[SMOKE v3.16.8.2] TraceViewerService ctor ENTER; options.MaxFileSizeBytes=209715200&#xD;
[SMOKE v3.16.8.2] TraceViewerService ctor ENTER; options.MaxFileSizeBytes=209715200&#xD;
[SMOKE v3.16.8.2] TraceViewerService ctor ENTER; options.MaxFileSizeBytes=209715200&#xD;
[SMOKE v3.16.8.2] TraceViewerService ctor ENTER; options.MaxFileSizeBytes=209715200&#xD;
[xUnit.net 00:00:00.49]       NSubstitute.Exceptions.ReceivedCallsException : Expected to receive exactly 1 call matching:
	Log&lt;Object&gt;(Warning, any EventId, o =&gt; (o.ToString().Contains("line 4") AndAlso o.ToString().Contains("also_garbage")), any Exception, any Func&lt;Object, Exception, String&gt;)&#xD;
[xUnit.net 00:00:00.49]       Actually received no matching calls.&#xD;
[xUnit.net 00:00:00.49]       Received 1 non-matching call (non-matching arguments indicated with '*' characters):&#xD;
[xUnit.net 00:00:00.49]       	Log&lt;LoggerMessage+LogValues&lt;Int32, String, String&gt;&gt;(Warning, LogSkippedLine, *Skipped malformed ASC line 2: garbage here (expected &gt;=4 tokens (timestamp channel id dlc), got 2)*, &lt;null&gt;, Func&lt;LoggerMessage+LogValues&lt;Int32, String, String&gt;, Exception, String&gt;)
&#xD;
[xUnit.net 00:00:00.49]       Stack Trace:&#xD;
[xUnit.net 00:00:00.49]            at NSubstitute.Core.ReceivedCallsExceptionThrower.Throw(ICallSpecification callSpecification, IEnumerable`1 matchingCalls, IEnumerable`1 nonMatchingCalls, Quantity requiredQuantity)&#xD;
[xUnit.net 00:00:00.49]            at NSubstitute.Routing.Handlers.CheckReceivedCallsHandler.Handle(ICall call)&#xD;
[xUnit.net 00:00:00.49]            at NSubstitute.Routing.Route.Handle(ICall call)&#xD;
[xUnit.net 00:00:00.49]            at NSubstitute.Core.CallRouter.Route(ICall call)&#xD;
[xUnit.net 00:00:00.49]            at NSubstitute.Proxies.CastleDynamicProxy.CastleForwardingInterceptor.Intercept(IInvocation invocation)&#xD;
[xUnit.net 00:00:00.49]            at Castle.DynamicProxy.AbstractInvocation.Proceed()&#xD;
[xUnit.net 00:00:00.49]            at NSubstitute.Proxies.CastleDynamicProxy.ProxyIdInterceptor.Intercept(IInvocation invocation)&#xD;
[xUnit.net 00:00:00.49]            at Castle.DynamicProxy.AbstractInvocation.Proceed()&#xD;
[xUnit.net 00:00:00.49]            at Castle.Proxies.ObjectProxy_1.Log[TState](LogLevel logLevel, EventId eventId, TState state, Exception exception, Func`3 formatter)&#xD;
[xUnit.net 00:00:00.49]         D:\claude_proj2\peakcan-host\tests\PeakCan.Host.Core.Tests\Replay\AscParserTests.cs(249,0): at PeakCan.Host.Core.Tests.Replay.AscParserTests.Parse_MalformedLines_LogsEachWithLineNumberAndReason()&#xD;
[xUnit.net 00:00:00.49]         --- End of stack trace from previous location ---&#xD;
[xUnit.net 00:00:43.69]   Finished:    PeakCan.Host.Core.Tests&#xD;
</StdOut>
    </Output>
    <RunInfos>
      <RunInfo computerName="TAOSANGXIAOXIN" outcome="Error" timestamp="2026-07-14T22:59:19.2726729+08:00">
        <Text>[xUnit.net 00:00:00.48]     PeakCan.Host.Core.Tests.Replay.AscParserTests.Parse_MalformedLines_LogsEachWithLineNumberAndReason [FAIL]</Text>
      </RunInfo>
    </RunInfos>
  </ResultSummary>
</TestRun>